<?xml version="1.0" encoding="UTF-8"?>
<!-- Generated by org.testng.reporters.JUnitXMLReporter -->
<testsuite hostname="VA-WIN7QA-01" name="API TestSuites..." tests="5" failures="0" timestamp="12 Sep 2022 12:59:34 GMT" time="7.549" errors="0">
  <testcase name="@BeforeMethod setUP" time="0.0" classname="com.vbrick.avenger.delete_unwanted_data_UI.DeleteAllChannels">
    <failure type="org.openqa.selenium.SessionNotCreatedException" message="session not created: This version of ChromeDriver only supports Chrome version 103
Current browser version is 105.0.5195.102 with binary path C:\Program Files\Google\Chrome\Application\chrome.exe
Build info: version: &amp;apos;3.6.0&amp;apos;, revision: &amp;apos;6fbf3ec767&amp;apos;, time: &amp;apos;2017-09-27T15:28:36.4Z&amp;apos;
System info: host: &amp;apos;VA-WIN7QA-01&amp;apos;, ip: &amp;apos;10.10.6.14&amp;apos;, os.name: &amp;apos;Windows 7&amp;apos;, os.arch: &amp;apos;amd64&amp;apos;, os.version: &amp;apos;6.1&amp;apos;, java.version: &amp;apos;1.8.0_101&amp;apos;
Driver info: driver.version: ChromeDriver
remote stacktrace: Backtrace:
	Ordinal0 [0x004C6463+2188387]
	Ordinal0 [0x0045E461+1762401]
	Ordinal0 [0x00373D78+802168]
	Ordinal0 [0x00394E59+937561]
	Ordinal0 [0x00390A6C+920172]
	Ordinal0 [0x0038E331+910129]
	Ordinal0 [0x003C1430+1119280]
	Ordinal0 [0x003C108A+1118346]
	Ordinal0 [0x003BC5F6+1099254]
	Ordinal0 [0x00396BE0+945120]
	Ordinal0 [0x00397AD6+948950]
	GetHandleVerifier [0x007671F2+2712546]
	GetHandleVerifier [0x0075886D+2652765]
	GetHandleVerifier [0x0055002A+520730]
	GetHandleVerifier [0x0054EE06+516086]
	Ordinal0 [0x0046468B+1787531]
	Ordinal0 [0x00468E88+1805960]
	Ordinal0 [0x00468F75+1806197]
	Ordinal0 [0x00471DF1+1842673]
	BaseThreadInitThunk [0x76683677+18]
	RtlInitializeExceptionChain [0x779C9F42+99]
	RtlInitializeExceptionChain [0x779C9F15+54]
">
      <![CDATA[org.openqa.selenium.SessionNotCreatedException: session not created: This version of ChromeDriver only supports Chrome version 103
Current browser version is 105.0.5195.102 with binary path C:\Program Files\Google\Chrome\Application\chrome.exe
Build info: version: '3.6.0', revision: '6fbf3ec767', time: '2017-09-27T15:28:36.4Z'
System info: host: 'VA-WIN7QA-01', ip: '10.10.6.14', os.name: 'Windows 7', os.arch: 'amd64', os.version: '6.1', java.version: '1.8.0_101'
Driver info: driver.version: ChromeDriver
remote stacktrace: Backtrace:
	Ordinal0 [0x004C6463+2188387]
	Ordinal0 [0x0045E461+1762401]
	Ordinal0 [0x00373D78+802168]
	Ordinal0 [0x00394E59+937561]
	Ordinal0 [0x00390A6C+920172]
	Ordinal0 [0x0038E331+910129]
	Ordinal0 [0x003C1430+1119280]
	Ordinal0 [0x003C108A+1118346]
	Ordinal0 [0x003BC5F6+1099254]
	Ordinal0 [0x00396BE0+945120]
	Ordinal0 [0x00397AD6+948950]
	GetHandleVerifier [0x007671F2+2712546]
	GetHandleVerifier [0x0075886D+2652765]
	GetHandleVerifier [0x0055002A+520730]
	GetHandleVerifier [0x0054EE06+516086]
	Ordinal0 [0x0046468B+1787531]
	Ordinal0 [0x00468E88+1805960]
	Ordinal0 [0x00468F75+1806197]
	Ordinal0 [0x00471DF1+1842673]
	BaseThreadInitThunk [0x76683677+18]
	RtlInitializeExceptionChain [0x779C9F42+99]
	RtlInitializeExceptionChain [0x779C9F15+54]

	at org.openqa.selenium.remote.W3CHandshakeResponse.lambda$new$0(W3CHandshakeResponse.java:57)
	at org.openqa.selenium.remote.W3CHandshakeResponse.lambda$getResponseFunction$2(W3CHandshakeResponse.java:104)
	at org.openqa.selenium.remote.ProtocolHandshake.lambda$createSession$24(ProtocolHandshake.java:359)
	at java.util.stream.ReferencePipeline$3$1.accept(Unknown Source)
	at java.util.Spliterators$ArraySpliterator.tryAdvance(Unknown Source)
	at java.util.stream.ReferencePipeline.forEachWithCancel(Unknown Source)
	at java.util.stream.AbstractPipeline.copyIntoWithCancel(Unknown Source)
	at java.util.stream.AbstractPipeline.copyInto(Unknown Source)
	at java.util.stream.AbstractPipeline.wrapAndCopyInto(Unknown Source)
	at java.util.stream.FindOps$FindOp.evaluateSequential(Unknown Source)
	at java.util.stream.AbstractPipeline.evaluate(Unknown Source)
	at java.util.stream.ReferencePipeline.findFirst(Unknown Source)
	at org.openqa.selenium.remote.ProtocolHandshake.createSession(ProtocolHandshake.java:362)
	at org.openqa.selenium.remote.ProtocolHandshake.createSession(ProtocolHandshake.java:136)
	at org.openqa.selenium.remote.HttpCommandExecutor.execute(HttpCommandExecutor.java:142)
	at org.openqa.selenium.remote.service.DriverCommandExecutor.execute(DriverCommandExecutor.java:83)
	at org.openqa.selenium.remote.RemoteWebDriver.execute(RemoteWebDriver.java:586)
	at org.openqa.selenium.remote.RemoteWebDriver.startSession(RemoteWebDriver.java:217)
	at org.openqa.selenium.remote.RemoteWebDriver.<init>(RemoteWebDriver.java:140)
	at org.openqa.selenium.chrome.ChromeDriver.<init>(ChromeDriver.java:174)
	at org.openqa.selenium.chrome.ChromeDriver.<init>(ChromeDriver.java:142)
	at com.vbrick.avenger.setup.TestBase.initializeDriver(TestBase.java:455)
	at com.vbrick.avenger.setup.TestBase.initializeDriver(TestBase.java:72)
	at com.vbrick.avenger.delete_unwanted_data_UI.DeleteAllChannels.setUP(DeleteAllChannels.java:121)
	at java.util.concurrent.ThreadPoolExecutor.runWorker(Unknown Source)
	at java.util.concurrent.ThreadPoolExecutor$Worker.run(Unknown Source)
	at java.lang.Thread.run(Unknown Source)
... Removed 16 stack frames]]>
    </failure>
  </testcase> <!-- @BeforeMethod setUP -->
  <testcase name="@AfterMethod browserClose" time="0.0" classname="com.vbrick.avenger.delete_unwanted_data_UI.DeleteAllChannels">
    <failure type="java.lang.NullPointerException">
      <![CDATA[java.lang.NullPointerException
	at com.vbrick.avenger.setup.TestBase.browserQuit(TestBase.java:715)
	at com.vbrick.avenger.delete_unwanted_data_UI.DeleteAllChannels.browserClose(DeleteAllChannels.java:154)
	at java.util.concurrent.ThreadPoolExecutor.runWorker(Unknown Source)
	at java.util.concurrent.ThreadPoolExecutor$Worker.run(Unknown Source)
	at java.lang.Thread.run(Unknown Source)
... Removed 12 stack frames]]>
    </failure>
  </testcase> <!-- @AfterMethod browserClose -->
  <testcase name="@BeforeMethod setUP" time="0.0" classname="com.vbrick.avenger.delete_unwanted_data_UI.DeleteAllGroups">
    <failure type="org.openqa.selenium.SessionNotCreatedException" message="session not created: This version of ChromeDriver only supports Chrome version 103
Current browser version is 105.0.5195.102 with binary path C:\Program Files\Google\Chrome\Application\chrome.exe
Build info: version: &amp;apos;3.6.0&amp;apos;, revision: &amp;apos;6fbf3ec767&amp;apos;, time: &amp;apos;2017-09-27T15:28:36.4Z&amp;apos;
System info: host: &amp;apos;VA-WIN7QA-01&amp;apos;, ip: &amp;apos;10.10.6.14&amp;apos;, os.name: &amp;apos;Windows 7&amp;apos;, os.arch: &amp;apos;amd64&amp;apos;, os.version: &amp;apos;6.1&amp;apos;, java.version: &amp;apos;1.8.0_101&amp;apos;
Driver info: driver.version: ChromeDriver
remote stacktrace: Backtrace:
	Ordinal0 [0x004C6463+2188387]
	Ordinal0 [0x0045E461+1762401]
	Ordinal0 [0x00373D78+802168]
	Ordinal0 [0x00394E59+937561]
	Ordinal0 [0x00390A6C+920172]
	Ordinal0 [0x0038E331+910129]
	Ordinal0 [0x003C1430+1119280]
	Ordinal0 [0x003C108A+1118346]
	Ordinal0 [0x003BC5F6+1099254]
	Ordinal0 [0x00396BE0+945120]
	Ordinal0 [0x00397AD6+948950]
	GetHandleVerifier [0x007671F2+2712546]
	GetHandleVerifier [0x0075886D+2652765]
	GetHandleVerifier [0x0055002A+520730]
	GetHandleVerifier [0x0054EE06+516086]
	Ordinal0 [0x0046468B+1787531]
	Ordinal0 [0x00468E88+1805960]
	Ordinal0 [0x00468F75+1806197]
	Ordinal0 [0x00471DF1+1842673]
	BaseThreadInitThunk [0x76683677+18]
	RtlInitializeExceptionChain [0x779C9F42+99]
	RtlInitializeExceptionChain [0x779C9F15+54]
">
      <![CDATA[org.openqa.selenium.SessionNotCreatedException: session not created: This version of ChromeDriver only supports Chrome version 103
Current browser version is 105.0.5195.102 with binary path C:\Program Files\Google\Chrome\Application\chrome.exe
Build info: version: '3.6.0', revision: '6fbf3ec767', time: '2017-09-27T15:28:36.4Z'
System info: host: 'VA-WIN7QA-01', ip: '10.10.6.14', os.name: 'Windows 7', os.arch: 'amd64', os.version: '6.1', java.version: '1.8.0_101'
Driver info: driver.version: ChromeDriver
remote stacktrace: Backtrace:
	Ordinal0 [0x004C6463+2188387]
	Ordinal0 [0x0045E461+1762401]
	Ordinal0 [0x00373D78+802168]
	Ordinal0 [0x00394E59+937561]
	Ordinal0 [0x00390A6C+920172]
	Ordinal0 [0x0038E331+910129]
	Ordinal0 [0x003C1430+1119280]
	Ordinal0 [0x003C108A+1118346]
	Ordinal0 [0x003BC5F6+1099254]
	Ordinal0 [0x00396BE0+945120]
	Ordinal0 [0x00397AD6+948950]
	GetHandleVerifier [0x007671F2+2712546]
	GetHandleVerifier [0x0075886D+2652765]
	GetHandleVerifier [0x0055002A+520730]
	GetHandleVerifier [0x0054EE06+516086]
	Ordinal0 [0x0046468B+1787531]
	Ordinal0 [0x00468E88+1805960]
	Ordinal0 [0x00468F75+1806197]
	Ordinal0 [0x00471DF1+1842673]
	BaseThreadInitThunk [0x76683677+18]
	RtlInitializeExceptionChain [0x779C9F42+99]
	RtlInitializeExceptionChain [0x779C9F15+54]

	at org.openqa.selenium.remote.W3CHandshakeResponse.lambda$new$0(W3CHandshakeResponse.java:57)
	at org.openqa.selenium.remote.W3CHandshakeResponse.lambda$getResponseFunction$2(W3CHandshakeResponse.java:104)
	at org.openqa.selenium.remote.ProtocolHandshake.lambda$createSession$24(ProtocolHandshake.java:359)
	at java.util.stream.ReferencePipeline$3$1.accept(Unknown Source)
	at java.util.Spliterators$ArraySpliterator.tryAdvance(Unknown Source)
	at java.util.stream.ReferencePipeline.forEachWithCancel(Unknown Source)
	at java.util.stream.AbstractPipeline.copyIntoWithCancel(Unknown Source)
	at java.util.stream.AbstractPipeline.copyInto(Unknown Source)
	at java.util.stream.AbstractPipeline.wrapAndCopyInto(Unknown Source)
	at java.util.stream.FindOps$FindOp.evaluateSequential(Unknown Source)
	at java.util.stream.AbstractPipeline.evaluate(Unknown Source)
	at java.util.stream.ReferencePipeline.findFirst(Unknown Source)
	at org.openqa.selenium.remote.ProtocolHandshake.createSession(ProtocolHandshake.java:362)
	at org.openqa.selenium.remote.ProtocolHandshake.createSession(ProtocolHandshake.java:136)
	at org.openqa.selenium.remote.HttpCommandExecutor.execute(HttpCommandExecutor.java:142)
	at org.openqa.selenium.remote.service.DriverCommandExecutor.execute(DriverCommandExecutor.java:83)
	at org.openqa.selenium.remote.RemoteWebDriver.execute(RemoteWebDriver.java:586)
	at org.openqa.selenium.remote.RemoteWebDriver.startSession(RemoteWebDriver.java:217)
	at org.openqa.selenium.remote.RemoteWebDriver.<init>(RemoteWebDriver.java:140)
	at org.openqa.selenium.chrome.ChromeDriver.<init>(ChromeDriver.java:174)
	at org.openqa.selenium.chrome.ChromeDriver.<init>(ChromeDriver.java:142)
	at com.vbrick.avenger.setup.TestBase.initializeDriver(TestBase.java:455)
	at com.vbrick.avenger.setup.TestBase.initializeDriver(TestBase.java:72)
	at com.vbrick.avenger.delete_unwanted_data_UI.DeleteAllGroups.setUP(DeleteAllGroups.java:121)
	at java.util.concurrent.ThreadPoolExecutor.runWorker(Unknown Source)
	at java.util.concurrent.ThreadPoolExecutor$Worker.run(Unknown Source)
	at java.lang.Thread.run(Unknown Source)
... Removed 16 stack frames]]>
    </failure>
  </testcase> <!-- @BeforeMethod setUP -->
  <testcase name="@AfterMethod browserClose" time="0.0" classname="com.vbrick.avenger.delete_unwanted_data_UI.DeleteAllGroups">
    <failure type="java.lang.NullPointerException">
      <![CDATA[java.lang.NullPointerException
	at com.vbrick.avenger.setup.TestBase.browserQuit(TestBase.java:715)
	at com.vbrick.avenger.delete_unwanted_data_UI.DeleteAllGroups.browserClose(DeleteAllGroups.java:156)
	at java.util.concurrent.ThreadPoolExecutor.runWorker(Unknown Source)
	at java.util.concurrent.ThreadPoolExecutor$Worker.run(Unknown Source)
	at java.lang.Thread.run(Unknown Source)
... Removed 12 stack frames]]>
    </failure>
  </testcase> <!-- @AfterMethod browserClose -->
  <testcase name="@BeforeMethod setUP" time="0.0" classname="com.vbrick.avenger.delete_unwanted_data_UI.DeleteAllCategories">
    <failure type="org.openqa.selenium.SessionNotCreatedException" message="session not created: This version of ChromeDriver only supports Chrome version 103
Current browser version is 105.0.5195.102 with binary path C:\Program Files\Google\Chrome\Application\chrome.exe
Build info: version: &amp;apos;3.6.0&amp;apos;, revision: &amp;apos;6fbf3ec767&amp;apos;, time: &amp;apos;2017-09-27T15:28:36.4Z&amp;apos;
System info: host: &amp;apos;VA-WIN7QA-01&amp;apos;, ip: &amp;apos;10.10.6.14&amp;apos;, os.name: &amp;apos;Windows 7&amp;apos;, os.arch: &amp;apos;amd64&amp;apos;, os.version: &amp;apos;6.1&amp;apos;, java.version: &amp;apos;1.8.0_101&amp;apos;
Driver info: driver.version: ChromeDriver
remote stacktrace: Backtrace:
	Ordinal0 [0x004C6463+2188387]
	Ordinal0 [0x0045E461+1762401]
	Ordinal0 [0x00373D78+802168]
	Ordinal0 [0x00394E59+937561]
	Ordinal0 [0x00390A6C+920172]
	Ordinal0 [0x0038E331+910129]
	Ordinal0 [0x003C1430+1119280]
	Ordinal0 [0x003C108A+1118346]
	Ordinal0 [0x003BC5F6+1099254]
	Ordinal0 [0x00396BE0+945120]
	Ordinal0 [0x00397AD6+948950]
	GetHandleVerifier [0x007671F2+2712546]
	GetHandleVerifier [0x0075886D+2652765]
	GetHandleVerifier [0x0055002A+520730]
	GetHandleVerifier [0x0054EE06+516086]
	Ordinal0 [0x0046468B+1787531]
	Ordinal0 [0x00468E88+1805960]
	Ordinal0 [0x00468F75+1806197]
	Ordinal0 [0x00471DF1+1842673]
	BaseThreadInitThunk [0x76683677+18]
	RtlInitializeExceptionChain [0x779C9F42+99]
	RtlInitializeExceptionChain [0x779C9F15+54]
">
      <![CDATA[org.openqa.selenium.SessionNotCreatedException: session not created: This version of ChromeDriver only supports Chrome version 103
Current browser version is 105.0.5195.102 with binary path C:\Program Files\Google\Chrome\Application\chrome.exe
Build info: version: '3.6.0', revision: '6fbf3ec767', time: '2017-09-27T15:28:36.4Z'
System info: host: 'VA-WIN7QA-01', ip: '10.10.6.14', os.name: 'Windows 7', os.arch: 'amd64', os.version: '6.1', java.version: '1.8.0_101'
Driver info: driver.version: ChromeDriver
remote stacktrace: Backtrace:
	Ordinal0 [0x004C6463+2188387]
	Ordinal0 [0x0045E461+1762401]
	Ordinal0 [0x00373D78+802168]
	Ordinal0 [0x00394E59+937561]
	Ordinal0 [0x00390A6C+920172]
	Ordinal0 [0x0038E331+910129]
	Ordinal0 [0x003C1430+1119280]
	Ordinal0 [0x003C108A+1118346]
	Ordinal0 [0x003BC5F6+1099254]
	Ordinal0 [0x00396BE0+945120]
	Ordinal0 [0x00397AD6+948950]
	GetHandleVerifier [0x007671F2+2712546]
	GetHandleVerifier [0x0075886D+2652765]
	GetHandleVerifier [0x0055002A+520730]
	GetHandleVerifier [0x0054EE06+516086]
	Ordinal0 [0x0046468B+1787531]
	Ordinal0 [0x00468E88+1805960]
	Ordinal0 [0x00468F75+1806197]
	Ordinal0 [0x00471DF1+1842673]
	BaseThreadInitThunk [0x76683677+18]
	RtlInitializeExceptionChain [0x779C9F42+99]
	RtlInitializeExceptionChain [0x779C9F15+54]

	at org.openqa.selenium.remote.W3CHandshakeResponse.lambda$new$0(W3CHandshakeResponse.java:57)
	at org.openqa.selenium.remote.W3CHandshakeResponse.lambda$getResponseFunction$2(W3CHandshakeResponse.java:104)
	at org.openqa.selenium.remote.ProtocolHandshake.lambda$createSession$24(ProtocolHandshake.java:359)
	at java.util.stream.ReferencePipeline$3$1.accept(Unknown Source)
	at java.util.Spliterators$ArraySpliterator.tryAdvance(Unknown Source)
	at java.util.stream.ReferencePipeline.forEachWithCancel(Unknown Source)
	at java.util.stream.AbstractPipeline.copyIntoWithCancel(Unknown Source)
	at java.util.stream.AbstractPipeline.copyInto(Unknown Source)
	at java.util.stream.AbstractPipeline.wrapAndCopyInto(Unknown Source)
	at java.util.stream.FindOps$FindOp.evaluateSequential(Unknown Source)
	at java.util.stream.AbstractPipeline.evaluate(Unknown Source)
	at java.util.stream.ReferencePipeline.findFirst(Unknown Source)
	at org.openqa.selenium.remote.ProtocolHandshake.createSession(ProtocolHandshake.java:362)
	at org.openqa.selenium.remote.ProtocolHandshake.createSession(ProtocolHandshake.java:136)
	at org.openqa.selenium.remote.HttpCommandExecutor.execute(HttpCommandExecutor.java:142)
	at org.openqa.selenium.remote.service.DriverCommandExecutor.execute(DriverCommandExecutor.java:83)
	at org.openqa.selenium.remote.RemoteWebDriver.execute(RemoteWebDriver.java:586)
	at org.openqa.selenium.remote.RemoteWebDriver.startSession(RemoteWebDriver.java:217)
	at org.openqa.selenium.remote.RemoteWebDriver.<init>(RemoteWebDriver.java:140)
	at org.openqa.selenium.chrome.ChromeDriver.<init>(ChromeDriver.java:174)
	at org.openqa.selenium.chrome.ChromeDriver.<init>(ChromeDriver.java:142)
	at com.vbrick.avenger.setup.TestBase.initializeDriver(TestBase.java:455)
	at com.vbrick.avenger.setup.TestBase.initializeDriver(TestBase.java:72)
	at com.vbrick.avenger.delete_unwanted_data_UI.DeleteAllCategories.setUP(DeleteAllCategories.java:121)
	at java.util.concurrent.ThreadPoolExecutor.runWorker(Unknown Source)
	at java.util.concurrent.ThreadPoolExecutor$Worker.run(Unknown Source)
	at java.lang.Thread.run(Unknown Source)
... Removed 16 stack frames]]>
    </failure>
  </testcase> <!-- @BeforeMethod setUP -->
  <testcase name="@AfterMethod browserClose" time="0.0" classname="com.vbrick.avenger.delete_unwanted_data_UI.DeleteAllCategories">
    <failure type="java.lang.NullPointerException">
      <![CDATA[java.lang.NullPointerException
	at com.vbrick.avenger.setup.TestBase.browserQuit(TestBase.java:715)
	at com.vbrick.avenger.delete_unwanted_data_UI.DeleteAllCategories.browserClose(DeleteAllCategories.java:154)
	at java.util.concurrent.ThreadPoolExecutor.runWorker(Unknown Source)
	at java.util.concurrent.ThreadPoolExecutor$Worker.run(Unknown Source)
	at java.lang.Thread.run(Unknown Source)
... Removed 12 stack frames]]>
    </failure>
  </testcase> <!-- @AfterMethod browserClose -->
  <testcase name="@BeforeMethod setUP" time="0.0" classname="com.vbrick.avenger.delete_unwanted_data_UI.DeleteAllPresentationProfiles">
    <failure type="org.openqa.selenium.SessionNotCreatedException" message="session not created: This version of ChromeDriver only supports Chrome version 103
Current browser version is 105.0.5195.102 with binary path C:\Program Files\Google\Chrome\Application\chrome.exe
Build info: version: &amp;apos;3.6.0&amp;apos;, revision: &amp;apos;6fbf3ec767&amp;apos;, time: &amp;apos;2017-09-27T15:28:36.4Z&amp;apos;
System info: host: &amp;apos;VA-WIN7QA-01&amp;apos;, ip: &amp;apos;10.10.6.14&amp;apos;, os.name: &amp;apos;Windows 7&amp;apos;, os.arch: &amp;apos;amd64&amp;apos;, os.version: &amp;apos;6.1&amp;apos;, java.version: &amp;apos;1.8.0_101&amp;apos;
Driver info: driver.version: ChromeDriver
remote stacktrace: Backtrace:
	Ordinal0 [0x004C6463+2188387]
	Ordinal0 [0x0045E461+1762401]
	Ordinal0 [0x00373D78+802168]
	Ordinal0 [0x00394E59+937561]
	Ordinal0 [0x00390A6C+920172]
	Ordinal0 [0x0038E331+910129]
	Ordinal0 [0x003C1430+1119280]
	Ordinal0 [0x003C108A+1118346]
	Ordinal0 [0x003BC5F6+1099254]
	Ordinal0 [0x00396BE0+945120]
	Ordinal0 [0x00397AD6+948950]
	GetHandleVerifier [0x007671F2+2712546]
	GetHandleVerifier [0x0075886D+2652765]
	GetHandleVerifier [0x0055002A+520730]
	GetHandleVerifier [0x0054EE06+516086]
	Ordinal0 [0x0046468B+1787531]
	Ordinal0 [0x00468E88+1805960]
	Ordinal0 [0x00468F75+1806197]
	Ordinal0 [0x00471DF1+1842673]
	BaseThreadInitThunk [0x76683677+18]
	RtlInitializeExceptionChain [0x779C9F42+99]
	RtlInitializeExceptionChain [0x779C9F15+54]
">
      <![CDATA[org.openqa.selenium.SessionNotCreatedException: session not created: This version of ChromeDriver only supports Chrome version 103
Current browser version is 105.0.5195.102 with binary path C:\Program Files\Google\Chrome\Application\chrome.exe
Build info: version: '3.6.0', revision: '6fbf3ec767', time: '2017-09-27T15:28:36.4Z'
System info: host: 'VA-WIN7QA-01', ip: '10.10.6.14', os.name: 'Windows 7', os.arch: 'amd64', os.version: '6.1', java.version: '1.8.0_101'
Driver info: driver.version: ChromeDriver
remote stacktrace: Backtrace:
	Ordinal0 [0x004C6463+2188387]
	Ordinal0 [0x0045E461+1762401]
	Ordinal0 [0x00373D78+802168]
	Ordinal0 [0x00394E59+937561]
	Ordinal0 [0x00390A6C+920172]
	Ordinal0 [0x0038E331+910129]
	Ordinal0 [0x003C1430+1119280]
	Ordinal0 [0x003C108A+1118346]
	Ordinal0 [0x003BC5F6+1099254]
	Ordinal0 [0x00396BE0+945120]
	Ordinal0 [0x00397AD6+948950]
	GetHandleVerifier [0x007671F2+2712546]
	GetHandleVerifier [0x0075886D+2652765]
	GetHandleVerifier [0x0055002A+520730]
	GetHandleVerifier [0x0054EE06+516086]
	Ordinal0 [0x0046468B+1787531]
	Ordinal0 [0x00468E88+1805960]
	Ordinal0 [0x00468F75+1806197]
	Ordinal0 [0x00471DF1+1842673]
	BaseThreadInitThunk [0x76683677+18]
	RtlInitializeExceptionChain [0x779C9F42+99]
	RtlInitializeExceptionChain [0x779C9F15+54]

	at org.openqa.selenium.remote.W3CHandshakeResponse.lambda$new$0(W3CHandshakeResponse.java:57)
	at org.openqa.selenium.remote.W3CHandshakeResponse.lambda$getResponseFunction$2(W3CHandshakeResponse.java:104)
	at org.openqa.selenium.remote.ProtocolHandshake.lambda$createSession$24(ProtocolHandshake.java:359)
	at java.util.stream.ReferencePipeline$3$1.accept(Unknown Source)
	at java.util.Spliterators$ArraySpliterator.tryAdvance(Unknown Source)
	at java.util.stream.ReferencePipeline.forEachWithCancel(Unknown Source)
	at java.util.stream.AbstractPipeline.copyIntoWithCancel(Unknown Source)
	at java.util.stream.AbstractPipeline.copyInto(Unknown Source)
	at java.util.stream.AbstractPipeline.wrapAndCopyInto(Unknown Source)
	at java.util.stream.FindOps$FindOp.evaluateSequential(Unknown Source)
	at java.util.stream.AbstractPipeline.evaluate(Unknown Source)
	at java.util.stream.ReferencePipeline.findFirst(Unknown Source)
	at org.openqa.selenium.remote.ProtocolHandshake.createSession(ProtocolHandshake.java:362)
	at org.openqa.selenium.remote.ProtocolHandshake.createSession(ProtocolHandshake.java:136)
	at org.openqa.selenium.remote.HttpCommandExecutor.execute(HttpCommandExecutor.java:142)
	at org.openqa.selenium.remote.service.DriverCommandExecutor.execute(DriverCommandExecutor.java:83)
	at org.openqa.selenium.remote.RemoteWebDriver.execute(RemoteWebDriver.java:586)
	at org.openqa.selenium.remote.RemoteWebDriver.startSession(RemoteWebDriver.java:217)
	at org.openqa.selenium.remote.RemoteWebDriver.<init>(RemoteWebDriver.java:140)
	at org.openqa.selenium.chrome.ChromeDriver.<init>(ChromeDriver.java:174)
	at org.openqa.selenium.chrome.ChromeDriver.<init>(ChromeDriver.java:142)
	at com.vbrick.avenger.setup.TestBase.initializeDriver(TestBase.java:455)
	at com.vbrick.avenger.setup.TestBase.initializeDriver(TestBase.java:72)
	at com.vbrick.avenger.delete_unwanted_data_UI.DeleteAllPresentationProfiles.setUP(DeleteAllPresentationProfiles.java:125)
	at java.util.concurrent.ThreadPoolExecutor.runWorker(Unknown Source)
	at java.util.concurrent.ThreadPoolExecutor$Worker.run(Unknown Source)
	at java.lang.Thread.run(Unknown Source)
... Removed 16 stack frames]]>
    </failure>
  </testcase> <!-- @BeforeMethod setUP -->
  <testcase name="@AfterMethod browserClose" time="0.0" classname="com.vbrick.avenger.delete_unwanted_data_UI.DeleteAllPresentationProfiles">
    <failure type="java.lang.NullPointerException">
      <![CDATA[java.lang.NullPointerException
	at com.vbrick.avenger.setup.TestBase.browserQuit(TestBase.java:715)
	at com.vbrick.avenger.delete_unwanted_data_UI.DeleteAllPresentationProfiles.browserClose(DeleteAllPresentationProfiles.java:159)
	at java.util.concurrent.ThreadPoolExecutor.runWorker(Unknown Source)
	at java.util.concurrent.ThreadPoolExecutor$Worker.run(Unknown Source)
	at java.lang.Thread.run(Unknown Source)
... Removed 12 stack frames]]>
    </failure>
  </testcase> <!-- @AfterMethod browserClose -->
  <testcase name="@BeforeMethod setUP" time="0.0" classname="com.vbrick.avenger.delete_unwanted_data_UI.DeleteAllDevices">
    <failure type="org.openqa.selenium.SessionNotCreatedException" message="session not created: This version of ChromeDriver only supports Chrome version 103
Current browser version is 105.0.5195.102 with binary path C:\Program Files\Google\Chrome\Application\chrome.exe
Build info: version: &amp;apos;3.6.0&amp;apos;, revision: &amp;apos;6fbf3ec767&amp;apos;, time: &amp;apos;2017-09-27T15:28:36.4Z&amp;apos;
System info: host: &amp;apos;VA-WIN7QA-01&amp;apos;, ip: &amp;apos;10.10.6.14&amp;apos;, os.name: &amp;apos;Windows 7&amp;apos;, os.arch: &amp;apos;amd64&amp;apos;, os.version: &amp;apos;6.1&amp;apos;, java.version: &amp;apos;1.8.0_101&amp;apos;
Driver info: driver.version: ChromeDriver
remote stacktrace: Backtrace:
	Ordinal0 [0x004C6463+2188387]
	Ordinal0 [0x0045E461+1762401]
	Ordinal0 [0x00373D78+802168]
	Ordinal0 [0x00394E59+937561]
	Ordinal0 [0x00390A6C+920172]
	Ordinal0 [0x0038E331+910129]
	Ordinal0 [0x003C1430+1119280]
	Ordinal0 [0x003C108A+1118346]
	Ordinal0 [0x003BC5F6+1099254]
	Ordinal0 [0x00396BE0+945120]
	Ordinal0 [0x00397AD6+948950]
	GetHandleVerifier [0x007671F2+2712546]
	GetHandleVerifier [0x0075886D+2652765]
	GetHandleVerifier [0x0055002A+520730]
	GetHandleVerifier [0x0054EE06+516086]
	Ordinal0 [0x0046468B+1787531]
	Ordinal0 [0x00468E88+1805960]
	Ordinal0 [0x00468F75+1806197]
	Ordinal0 [0x00471DF1+1842673]
	BaseThreadInitThunk [0x76683677+18]
	RtlInitializeExceptionChain [0x779C9F42+99]
	RtlInitializeExceptionChain [0x779C9F15+54]
">
      <![CDATA[org.openqa.selenium.SessionNotCreatedException: session not created: This version of ChromeDriver only supports Chrome version 103
Current browser version is 105.0.5195.102 with binary path C:\Program Files\Google\Chrome\Application\chrome.exe
Build info: version: '3.6.0', revision: '6fbf3ec767', time: '2017-09-27T15:28:36.4Z'
System info: host: 'VA-WIN7QA-01', ip: '10.10.6.14', os.name: 'Windows 7', os.arch: 'amd64', os.version: '6.1', java.version: '1.8.0_101'
Driver info: driver.version: ChromeDriver
remote stacktrace: Backtrace:
	Ordinal0 [0x004C6463+2188387]
	Ordinal0 [0x0045E461+1762401]
	Ordinal0 [0x00373D78+802168]
	Ordinal0 [0x00394E59+937561]
	Ordinal0 [0x00390A6C+920172]
	Ordinal0 [0x0038E331+910129]
	Ordinal0 [0x003C1430+1119280]
	Ordinal0 [0x003C108A+1118346]
	Ordinal0 [0x003BC5F6+1099254]
	Ordinal0 [0x00396BE0+945120]
	Ordinal0 [0x00397AD6+948950]
	GetHandleVerifier [0x007671F2+2712546]
	GetHandleVerifier [0x0075886D+2652765]
	GetHandleVerifier [0x0055002A+520730]
	GetHandleVerifier [0x0054EE06+516086]
	Ordinal0 [0x0046468B+1787531]
	Ordinal0 [0x00468E88+1805960]
	Ordinal0 [0x00468F75+1806197]
	Ordinal0 [0x00471DF1+1842673]
	BaseThreadInitThunk [0x76683677+18]
	RtlInitializeExceptionChain [0x779C9F42+99]
	RtlInitializeExceptionChain [0x779C9F15+54]

	at org.openqa.selenium.remote.W3CHandshakeResponse.lambda$new$0(W3CHandshakeResponse.java:57)
	at org.openqa.selenium.remote.W3CHandshakeResponse.lambda$getResponseFunction$2(W3CHandshakeResponse.java:104)
	at org.openqa.selenium.remote.ProtocolHandshake.lambda$createSession$24(ProtocolHandshake.java:359)
	at java.util.stream.ReferencePipeline$3$1.accept(Unknown Source)
	at java.util.Spliterators$ArraySpliterator.tryAdvance(Unknown Source)
	at java.util.stream.ReferencePipeline.forEachWithCancel(Unknown Source)
	at java.util.stream.AbstractPipeline.copyIntoWithCancel(Unknown Source)
	at java.util.stream.AbstractPipeline.copyInto(Unknown Source)
	at java.util.stream.AbstractPipeline.wrapAndCopyInto(Unknown Source)
	at java.util.stream.FindOps$FindOp.evaluateSequential(Unknown Source)
	at java.util.stream.AbstractPipeline.evaluate(Unknown Source)
	at java.util.stream.ReferencePipeline.findFirst(Unknown Source)
	at org.openqa.selenium.remote.ProtocolHandshake.createSession(ProtocolHandshake.java:362)
	at org.openqa.selenium.remote.ProtocolHandshake.createSession(ProtocolHandshake.java:136)
	at org.openqa.selenium.remote.HttpCommandExecutor.execute(HttpCommandExecutor.java:142)
	at org.openqa.selenium.remote.service.DriverCommandExecutor.execute(DriverCommandExecutor.java:83)
	at org.openqa.selenium.remote.RemoteWebDriver.execute(RemoteWebDriver.java:586)
	at org.openqa.selenium.remote.RemoteWebDriver.startSession(RemoteWebDriver.java:217)
	at org.openqa.selenium.remote.RemoteWebDriver.<init>(RemoteWebDriver.java:140)
	at org.openqa.selenium.chrome.ChromeDriver.<init>(ChromeDriver.java:174)
	at org.openqa.selenium.chrome.ChromeDriver.<init>(ChromeDriver.java:142)
	at com.vbrick.avenger.setup.TestBase.initializeDriver(TestBase.java:455)
	at com.vbrick.avenger.setup.TestBase.initializeDriver(TestBase.java:72)
	at com.vbrick.avenger.delete_unwanted_data_UI.DeleteAllDevices.setUP(DeleteAllDevices.java:125)
	at java.util.concurrent.ThreadPoolExecutor.runWorker(Unknown Source)
	at java.util.concurrent.ThreadPoolExecutor$Worker.run(Unknown Source)
	at java.lang.Thread.run(Unknown Source)
... Removed 16 stack frames]]>
    </failure>
  </testcase> <!-- @BeforeMethod setUP -->
  <testcase name="@AfterMethod browserClose" time="0.0" classname="com.vbrick.avenger.delete_unwanted_data_UI.DeleteAllDevices">
    <failure type="java.lang.NullPointerException">
      <![CDATA[java.lang.NullPointerException
	at com.vbrick.avenger.setup.TestBase.browserQuit(TestBase.java:715)
	at com.vbrick.avenger.delete_unwanted_data_UI.DeleteAllDevices.browserClose(DeleteAllDevices.java:159)
	at java.util.concurrent.ThreadPoolExecutor.runWorker(Unknown Source)
	at java.util.concurrent.ThreadPoolExecutor$Worker.run(Unknown Source)
	at java.lang.Thread.run(Unknown Source)
... Removed 12 stack frames]]>
    </failure>
  </testcase> <!-- @AfterMethod browserClose -->
  <testcase name="TC_01_Deleting_All_Channels_From_UI" time="0.001" classname="com.vbrick.avenger.delete_unwanted_data_UI.DeleteAllChannels">
    <skipped/>
  </testcase> <!-- TC_01_Deleting_All_Channels_From_UI -->
  <testcase name="TC_01_Deleting_All_Groups_From_UI" time="0.004" classname="com.vbrick.avenger.delete_unwanted_data_UI.DeleteAllGroups">
    <skipped/>
  </testcase> <!-- TC_01_Deleting_All_Groups_From_UI -->
  <testcase name="TC_01_Deleting_All_Categories_From_UI" time="0.002" classname="com.vbrick.avenger.delete_unwanted_data_UI.DeleteAllCategories">
    <skipped/>
  </testcase> <!-- TC_01_Deleting_All_Categories_From_UI -->
  <testcase name="TC_01_Deleting_All_PresentationProfiles_From_UI" time="0.003" classname="com.vbrick.avenger.delete_unwanted_data_UI.DeleteAllPresentationProfiles">
    <skipped/>
  </testcase> <!-- TC_01_Deleting_All_PresentationProfiles_From_UI -->
  <testcase name="TC_01_Deleting_All_Devices_From_UI" time="0.005" classname="com.vbrick.avenger.delete_unwanted_data_UI.DeleteAllDevices">
    <skipped/>
  </testcase> <!-- TC_01_Deleting_All_Devices_From_UI -->
</testsuite> <!-- API TestSuites... -->
