<?xml version="1.0" encoding="UTF-8"?>
<!-- Generated by org.testng.reporters.JUnitXMLReporter -->
<testsuite hostname="VA-WIN7QA-01" name="API TestSuites...(failed)(failed)(failed)(failed)(failed)" tests="73" failures="69" timestamp="6 Jan 2022 11:54:46 GMT" time="5077.886" errors="0">
  <testcase name="TC_03_GET_VideoList_api_check_VideoList_with_MediaAdmin_Positive" time="63.611" classname="com.vbrick.avenger.videocommentapi_AV_9879_testcases.VideoListApi_AV_8831"/>
  <testcase name="TC_15_PUT_EditTeam_api_check_With_MediaAdmin_Update_invalidgroupandvaliduserid_Negative" time="298.269" classname="com.vbrick.avenger.videocommentapi_AV_9879_testcases.EditTeamAPI_AV">
    <failure type="com.vbrick.Exception.ReasonsTimeOutException" message="
Build info: version: &amp;apos;3.6.0&amp;apos;, revision: &amp;apos;6fbf3ec767&amp;apos;, time: &amp;apos;2017-09-27T15:28:36.4Z&amp;apos;

Driver info: driver.version: unknown">
      <![CDATA[
	at com.vbrick.avenger.funUtil.WaitForElements.waitForElementPresent(WaitForElements.java:140)
	at com.vbrick.avenger.pageobjects.AvengerHomePage.clickGroupsLink(AvengerHomePage.java:519)
	at com.vbrick.avenger.videocommentapi_AV_9879_testcases.EditTeamAPI_AV.create_groupfromUI(EditTeamAPI_AV.java:1088)
	at com.vbrick.avenger.videocommentapi_AV_9879_testcases.EditTeamAPI_AV.TC_15_PUT_EditTeam_api_check_With_MediaAdmin_Update_invalidgroupandvaliduserid_Negative(EditTeamAPI_AV.java:1054)
	at java.util.concurrent.ThreadPoolExecutor.runWorker(Unknown Source)
	at java.util.concurrent.ThreadPoolExecutor$Worker.run(Unknown Source)
	at java.lang.Thread.run(Unknown Source)
... Removed 10 stack frames]]>
    </failure>
  </testcase> <!-- TC_15_PUT_EditTeam_api_check_With_MediaAdmin_Update_invalidgroupandvaliduserid_Negative -->
  <testcase name="TC_01_PUT_RejectVideopendingforapproval_api_check_With_MediaContributor_Positive" time="298.558" classname="com.vbrick.avenger.videocommentapi_AV_9879_testcases.RejectVideoAPI">
    <failure type="com.vbrick.Exception.ReasonsTimeOutException" message="
Build info: version: &amp;apos;3.6.0&amp;apos;, revision: &amp;apos;6fbf3ec767&amp;apos;, time: &amp;apos;2017-09-27T15:28:36.4Z&amp;apos;

Driver info: driver.version: unknown">
      <![CDATA[
	at com.vbrick.avenger.funUtil.WaitForElements.waitForElementPresent(WaitForElements.java:140)
	at com.vbrick.avenger.pageobjects.AvengerMediaSettingsPage.click_ApprovalProcesses(AvengerMediaSettingsPage.java:80)
	at com.vbrick.avenger.videocommentapi_AV_9879_testcases.RejectVideoAPI.create_ApprovalProcessFromUI(RejectVideoAPI.java:372)
	at com.vbrick.avenger.videocommentapi_AV_9879_testcases.RejectVideoAPI.TC_01_PUT_RejectVideopendingforapproval_api_check_With_MediaContributor_Positive(RejectVideoAPI.java:132)
	at java.util.concurrent.ThreadPoolExecutor.runWorker(Unknown Source)
	at java.util.concurrent.ThreadPoolExecutor$Worker.run(Unknown Source)
	at java.lang.Thread.run(Unknown Source)
... Removed 10 stack frames]]>
    </failure>
  </testcase> <!-- TC_01_PUT_RejectVideopendingforapproval_api_check_With_MediaContributor_Positive -->
  <testcase name="TC_01_UploadBackgroundImage_toaPublicWebcast_AccountAdmin_Positive" time="306.267" classname="com.vbrick.avenger.videocommentapi_AV_9879_testcases.UploadBackgroundImagetoWebcast_AV_18674">
    <failure type="com.vbrick.Exception.ReasonsTimeOutException" message="
Build info: version: &amp;apos;3.6.0&amp;apos;, revision: &amp;apos;6fbf3ec767&amp;apos;, time: &amp;apos;2017-09-27T15:28:36.4Z&amp;apos;

Driver info: driver.version: unknown">
      <![CDATA[
	at com.vbrick.avenger.funUtil.WaitForElements.waitForElementPresent(WaitForElements.java:140)
	at com.vbrick.avenger.funUtil.WebElements.click(WebElements.java:342)
	at com.vbrick.avenger.pageobjects.AvengerHomePage.clickAllDevicesLink(AvengerHomePage.java:891)
	at com.vbrick.avenger.videocommentapi_AV_9879_testcases.UploadBackgroundImagetoWebcast_AV_18674.create_presentationProfileUI(UploadBackgroundImagetoWebcast_AV_18674.java:547)
	at com.vbrick.avenger.videocommentapi_AV_9879_testcases.UploadBackgroundImagetoWebcast_AV_18674.TC_01_UploadBackgroundImage_toaPublicWebcast_AccountAdmin_Positive(UploadBackgroundImagetoWebcast_AV_18674.java:157)
	at java.util.concurrent.ThreadPoolExecutor.runWorker(Unknown Source)
	at java.util.concurrent.ThreadPoolExecutor$Worker.run(Unknown Source)
	at java.lang.Thread.run(Unknown Source)
... Removed 10 stack frames]]>
    </failure>
  </testcase> <!-- TC_01_UploadBackgroundImage_toaPublicWebcast_AccountAdmin_Positive -->
  <testcase name="TC_03_GET_EventDetail_api_check_With_EventAdmin_Positive" time="472.894" classname="com.vbrick.avenger.videocommentapi_AV_9879_testcases.GetEventDetailsApi_Av_10174">
    <failure type="com.vbrick.Exception.ReasonsTimeOutException" message="
Build info: version: &amp;apos;3.6.0&amp;apos;, revision: &amp;apos;6fbf3ec767&amp;apos;, time: &amp;apos;2017-09-27T15:28:36.4Z&amp;apos;

Driver info: driver.version: unknown">
      <![CDATA[
	at com.vbrick.avenger.funUtil.WaitForElements.waitForElementPresent(WaitForElements.java:140)
	at com.vbrick.avenger.pageobjects.AvengerHomePage.clickGroupsLink(AvengerHomePage.java:519)
	at com.vbrick.avenger.videocommentapi_AV_9879_testcases.GetEventDetailsApi_Av_10174.create_groupfromUI(GetEventDetailsApi_Av_10174.java:672)
	at com.vbrick.avenger.videocommentapi_AV_9879_testcases.GetEventDetailsApi_Av_10174.TC_03_GET_EventDetail_api_check_With_EventAdmin_Positive(GetEventDetailsApi_Av_10174.java:403)
	at java.util.concurrent.ThreadPoolExecutor.runWorker(Unknown Source)
	at java.util.concurrent.ThreadPoolExecutor$Worker.run(Unknown Source)
	at java.lang.Thread.run(Unknown Source)
... Removed 10 stack frames]]>
    </failure>
  </testcase> <!-- TC_03_GET_EventDetail_api_check_With_EventAdmin_Positive -->
  <testcase name="TC_12_Delete_alltheexisting_customfields_Positive" time="390.453" classname="com.vbrick.avenger.videocommentapi_AV_9879_testcases.CustomField_Av_11101">
    <failure type="com.vbrick.Exception.ReasonsTimeOutException" message="
Build info: version: &amp;apos;3.6.0&amp;apos;, revision: &amp;apos;6fbf3ec767&amp;apos;, time: &amp;apos;2017-09-27T15:28:36.4Z&amp;apos;

Driver info: driver.version: unknown">
      <![CDATA[
	at com.vbrick.avenger.funUtil.WaitForElements.waitForElementPresent(WaitForElements.java:140)
	at com.vbrick.avenger.funUtil.WebElements.getText(WebElements.java:1012)
	at com.vbrick.avenger.pageobjects.AvengerManageCustomFieldsPage.verify_Label(AvengerManageCustomFieldsPage.java:92)
	at com.vbrick.avenger.videocommentapi_AV_9879_testcases.CustomField_Av_11101.TC_12_Delete_alltheexisting_customfields_Positive(CustomField_Av_11101.java:735)
	at java.util.concurrent.ThreadPoolExecutor.runWorker(Unknown Source)
	at java.util.concurrent.ThreadPoolExecutor$Worker.run(Unknown Source)
	at java.lang.Thread.run(Unknown Source)
... Removed 10 stack frames]]>
    </failure>
  </testcase> <!-- TC_12_Delete_alltheexisting_customfields_Positive -->
  <testcase name="TC_02_UpdateBackgroundImage_toaPrivateWebcast_EventtAdmin_Positive" time="163.214" classname="com.vbrick.avenger.videocommentapi_AV_9879_testcases.UploadBackgroundImagetoWebcast_AV_18674">
    <failure type="java.lang.AssertionError" message="expected [HTTP StatusCode :200] but found [HTTP StatusCode :404]">
      <![CDATA[java.lang.AssertionError: expected [HTTP StatusCode :200] but found [HTTP StatusCode :404]
	at com.vbricks.avenger.api.verifications.AssertionAPIResponse.verifyAssert_httpCode(AssertionAPIResponse.java:15)
	at com.vbrick.avenger.videocommentapi_AV_9879_testcases.UploadBackgroundImagetoWebcast_AV_18674.TC_02_UpdateBackgroundImage_toaPrivateWebcast_EventtAdmin_Positive(UploadBackgroundImagetoWebcast_AV_18674.java:253)
	at java.util.concurrent.ThreadPoolExecutor.runWorker(Unknown Source)
	at java.util.concurrent.ThreadPoolExecutor$Worker.run(Unknown Source)
	at java.lang.Thread.run(Unknown Source)
... Removed 15 stack frames]]>
    </failure>
  </testcase> <!-- TC_02_UpdateBackgroundImage_toaPrivateWebcast_EventtAdmin_Positive -->
  <testcase name="TC_06_UploadBackgroundImage_toaAllUsersWebcast_EventHostaseventadmin_withVcSippAddress_Positive" time="0.51" classname="com.vbrick.avenger.videocommentapi_AV_9879_testcases.UploadBackgroundImagetoWebcast_AV_18674">
    <failure type="java.lang.AssertionError" message="expected [HTTP StatusCode :200] but found [HTTP StatusCode :404]">
      <![CDATA[java.lang.AssertionError: expected [HTTP StatusCode :200] but found [HTTP StatusCode :404]
	at com.vbricks.avenger.api.verifications.AssertionAPIResponse.verifyAssert_httpCode(AssertionAPIResponse.java:15)
	at com.vbrick.avenger.videocommentapi_AV_9879_testcases.UploadBackgroundImagetoWebcast_AV_18674.TC_06_UploadBackgroundImage_toaAllUsersWebcast_EventHostaseventadmin_withVcSippAddress_Positive(UploadBackgroundImagetoWebcast_AV_18674.java:456)
	at java.util.concurrent.ThreadPoolExecutor.runWorker(Unknown Source)
	at java.util.concurrent.ThreadPoolExecutor$Worker.run(Unknown Source)
	at java.lang.Thread.run(Unknown Source)
... Removed 15 stack frames]]>
    </failure>
  </testcase> <!-- TC_06_UploadBackgroundImage_toaAllUsersWebcast_EventHostaseventadmin_withVcSippAddress_Positive -->
  <testcase name="TC_02_PUT_RejectVideopendingforapproval_api_check_With_RejectVideopendingforapproval_Positive" time="267.971" classname="com.vbrick.avenger.videocommentapi_AV_9879_testcases.RejectVideoAPI">
    <failure type="com.vbrick.Exception.ReasonsTimeOutException" message="
Build info: version: &amp;apos;3.6.0&amp;apos;, revision: &amp;apos;6fbf3ec767&amp;apos;, time: &amp;apos;2017-09-27T15:28:36.4Z&amp;apos;

Driver info: driver.version: unknown">
      <![CDATA[
	at com.vbrick.avenger.funUtil.WaitForElements.waitForElementPresent(WaitForElements.java:140)
	at com.vbrick.avenger.pageobjects.AvengerMediaSettingsPage.click_ApprovalProcesses(AvengerMediaSettingsPage.java:80)
	at com.vbrick.avenger.videocommentapi_AV_9879_testcases.RejectVideoAPI.create_ApprovalProcessFromUI(RejectVideoAPI.java:372)
	at com.vbrick.avenger.videocommentapi_AV_9879_testcases.RejectVideoAPI.TC_02_PUT_RejectVideopendingforapproval_api_check_With_RejectVideopendingforapproval_Positive(RejectVideoAPI.java:189)
	at java.util.concurrent.ThreadPoolExecutor.runWorker(Unknown Source)
	at java.util.concurrent.ThreadPoolExecutor$Worker.run(Unknown Source)
	at java.lang.Thread.run(Unknown Source)
... Removed 10 stack frames]]>
    </failure>
  </testcase> <!-- TC_02_PUT_RejectVideopendingforapproval_api_check_With_RejectVideopendingforapproval_Positive -->
  <testcase name="TC_15_PUT_EditTeam_api_check_With_MediaAdmin_Update_invalidgroupandvaliduserid_Negative" time="271.12" classname="com.vbrick.avenger.videocommentapi_AV_9879_testcases.EditTeamAPI_AV">
    <failure type="com.vbrick.Exception.ReasonsTimeOutException" message="
Build info: version: &amp;apos;3.6.0&amp;apos;, revision: &amp;apos;6fbf3ec767&amp;apos;, time: &amp;apos;2017-09-27T15:28:36.4Z&amp;apos;

Driver info: driver.version: unknown">
      <![CDATA[
	at com.vbrick.avenger.funUtil.WaitForElements.waitForElementPresent(WaitForElements.java:140)
	at com.vbrick.avenger.pageobjects.AvengerHomePage.clickGroupsLink(AvengerHomePage.java:519)
	at com.vbrick.avenger.videocommentapi_AV_9879_testcases.EditTeamAPI_AV.create_groupfromUI(EditTeamAPI_AV.java:1088)
	at com.vbrick.avenger.videocommentapi_AV_9879_testcases.EditTeamAPI_AV.TC_15_PUT_EditTeam_api_check_With_MediaAdmin_Update_invalidgroupandvaliduserid_Negative(EditTeamAPI_AV.java:1054)
	at java.util.concurrent.ThreadPoolExecutor.runWorker(Unknown Source)
	at java.util.concurrent.ThreadPoolExecutor$Worker.run(Unknown Source)
	at java.lang.Thread.run(Unknown Source)
... Removed 10 stack frames]]>
    </failure>
  </testcase> <!-- TC_15_PUT_EditTeam_api_check_With_MediaAdmin_Update_invalidgroupandvaliduserid_Negative -->
  <testcase name="TC_14_PUT_EditTeam_api_check_With_MediaAdmin_Update_invaliduseridandvalidgroupid_Negative" time="80.808" classname="com.vbrick.avenger.videocommentapi_AV_9879_testcases.EditTeamAPI_AV">
    <failure type="java.lang.AssertionError" message="expected [500] but found [200]">
      <![CDATA[java.lang.AssertionError: expected [500] but found [200]
	at com.vbricks.avenger.api.verifications.AssertionAPIResponse.verifyAssert_httpCode(AssertionAPIResponse.java:15)
	at com.vbrick.avenger.videocommentapi_AV_9879_testcases.EditTeamAPI_AV.TC_14_PUT_EditTeam_api_check_With_MediaAdmin_Update_invaliduseridandvalidgroupid_Negative(EditTeamAPI_AV.java:997)
	at java.util.concurrent.ThreadPoolExecutor.runWorker(Unknown Source)
	at java.util.concurrent.ThreadPoolExecutor$Worker.run(Unknown Source)
	at java.lang.Thread.run(Unknown Source)
... Removed 15 stack frames]]>
    </failure>
  </testcase> <!-- TC_14_PUT_EditTeam_api_check_With_MediaAdmin_Update_invaliduseridandvalidgroupid_Negative -->
  <testcase name="TC_22_UploadVideos_MediaAdmin_EnableCommentstrue_AllUsers_Positive" time="262.669" classname="com.vbrick.avenger.uploadvideoapi_AV_6015_testcases.UploadVideos_AV_6015">
    <failure type="com.vbrick.Exception.ReasonsTimeOutException" message="
Build info: version: &amp;apos;3.6.0&amp;apos;, revision: &amp;apos;6fbf3ec767&amp;apos;, time: &amp;apos;2017-09-27T15:28:36.4Z&amp;apos;

Driver info: driver.version: unknown">
      <![CDATA[
	at com.vbrick.avenger.funUtil.WaitForElements.waitForElementPresent(WaitForElements.java:140)
	at com.vbrick.avenger.funUtil.WebElements.getAttribute(WebElements.java:856)
	at com.vbrick.avenger.pageobjects.AvengerEditVideoSettingsPage.verifyEnableCommentsSelected(AvengerEditVideoSettingsPage.java:417)
	at com.vbrick.avenger.uploadvideoapi_AV_6015_testcases.UploadVideos_AV_6015.TC_22_UploadVideos_MediaAdmin_EnableCommentstrue_AllUsers_Positive(UploadVideos_AV_6015.java:1289)
	at java.util.concurrent.ThreadPoolExecutor.runWorker(Unknown Source)
	at java.util.concurrent.ThreadPoolExecutor$Worker.run(Unknown Source)
	at java.lang.Thread.run(Unknown Source)
... Removed 10 stack frames]]>
    </failure>
  </testcase> <!-- TC_22_UploadVideos_MediaAdmin_EnableCommentstrue_AllUsers_Positive -->
  <testcase name="TC_10_GET_DownloadVideo_api_check_with_MediaViewer_PrivateVideo_Negative" time="11.097" classname="com.vbrick.avenger.videocommentapi_AV_9879_testcases.DownloadVideo_AV_9881">
    <failure type="java.lang.AssertionError" message="expected [401] but found [200]">
      <![CDATA[java.lang.AssertionError: expected [401] but found [200]
	at com.vbricks.avenger.api.verifications.AssertionAPIResponse.verifyAssert_httpCode(AssertionAPIResponse.java:15)
	at com.vbrick.avenger.videocommentapi_AV_9879_testcases.DownloadVideo_AV_9881.TC_10_GET_DownloadVideo_api_check_with_MediaViewer_PrivateVideo_Negative(DownloadVideo_AV_9881.java:530)
	at java.util.concurrent.ThreadPoolExecutor.runWorker(Unknown Source)
	at java.util.concurrent.ThreadPoolExecutor$Worker.run(Unknown Source)
	at java.lang.Thread.run(Unknown Source)
... Removed 15 stack frames]]>
    </failure>
  </testcase> <!-- TC_10_GET_DownloadVideo_api_check_with_MediaViewer_PrivateVideo_Negative -->
  <testcase name="TC_04_PUT_RejectVideopendingforapproval_api_check_With_EventAdmin_Positive" time="161.435" classname="com.vbrick.avenger.videocommentapi_AV_9879_testcases.RejectVideoAPI">
    <failure type="org.openqa.selenium.NoSuchElementException" message="no such element: Unable to locate element: {&amp;quot;method&amp;quot;:&amp;quot;xpath&amp;quot;,&amp;quot;selector&amp;quot;:&amp;quot;//a[contains(text(),&amp;apos;APIUserUpload_0rby2lgb7XA&amp;apos;)]&amp;quot;}
  (Session info: chrome=96.0.4664.110)
  (Driver info: chromedriver=2.36.540470 (e522d04694c7ebea4ba8821272dbef4f9b818c91),platform=Windows NT 6.1.7600 x86_64) (WARNING: The server did not provide any stacktrace information)
Command duration or timeout: 0 milliseconds
For documentation on this error, please visit: http://seleniumhq.org/exceptions/no_such_element.html
Build info: version: &amp;apos;3.6.0&amp;apos;, revision: &amp;apos;6fbf3ec767&amp;apos;, time: &amp;apos;2017-09-27T15:28:36.4Z&amp;apos;
System info: host: &amp;apos;VA-WIN7QA-01&amp;apos;, ip: &amp;apos;10.10.6.14&amp;apos;, os.name: &amp;apos;Windows 7&amp;apos;, os.arch: &amp;apos;amd64&amp;apos;, os.version: &amp;apos;6.1&amp;apos;, java.version: &amp;apos;1.8.0_101&amp;apos;
Driver info: org.openqa.selenium.chrome.ChromeDriver
Capabilities [{mobileEmulationEnabled=false, hasTouchScreen=false, platform=XP, acceptSslCerts=false, acceptInsecureCerts=false, webStorageEnabled=true, browserName=chrome, takesScreenshot=true, javascriptEnabled=true, platformName=XP, setWindowRect=true, unexpectedAlertBehaviour=, applicationCacheEnabled=false, rotatable=false, networkConnectionEnabled=false, chrome={chromedriverVersion=2.36.540470 (e522d04694c7ebea4ba8821272dbef4f9b818c91), userDataDir=C:\Users\ARJUN~1.ABH\AppData\Local\Temp\scoped_dir32032_1150}, takesHeapSnapshot=true, pageLoadStrategy=normal, unhandledPromptBehavior=, databaseEnabled=false, handlesAlerts=true, version=96.0.4664.110, browserConnectionEnabled=false, nativeEvents=true, locationContextEnabled=true, cssSelectorsEnabled=true}]
Session ID: c122d77815867b03678236eb7451ea8c
*** Element info: {Using=xpath, value=//a[contains(text(),&amp;apos;APIUserUpload_0rby2lgb7XA&amp;apos;)]}">
      <![CDATA[org.openqa.selenium.NoSuchElementException: no such element: Unable to locate element: {"method":"xpath","selector":"//a[contains(text(),'APIUserUpload_0rby2lgb7XA')]"}
  (Session info: chrome=96.0.4664.110)
  (Driver info: chromedriver=2.36.540470 (e522d04694c7ebea4ba8821272dbef4f9b818c91),platform=Windows NT 6.1.7600 x86_64) (WARNING: The server did not provide any stacktrace information)
Command duration or timeout: 0 milliseconds
For documentation on this error, please visit: http://seleniumhq.org/exceptions/no_such_element.html
Build info: version: '3.6.0', revision: '6fbf3ec767', time: '2017-09-27T15:28:36.4Z'
System info: host: 'VA-WIN7QA-01', ip: '10.10.6.14', os.name: 'Windows 7', os.arch: 'amd64', os.version: '6.1', java.version: '1.8.0_101'
Driver info: org.openqa.selenium.chrome.ChromeDriver
Capabilities [{mobileEmulationEnabled=false, hasTouchScreen=false, platform=XP, acceptSslCerts=false, acceptInsecureCerts=false, webStorageEnabled=true, browserName=chrome, takesScreenshot=true, javascriptEnabled=true, platformName=XP, setWindowRect=true, unexpectedAlertBehaviour=, applicationCacheEnabled=false, rotatable=false, networkConnectionEnabled=false, chrome={chromedriverVersion=2.36.540470 (e522d04694c7ebea4ba8821272dbef4f9b818c91), userDataDir=C:\Users\ARJUN~1.ABH\AppData\Local\Temp\scoped_dir32032_1150}, takesHeapSnapshot=true, pageLoadStrategy=normal, unhandledPromptBehavior=, databaseEnabled=false, handlesAlerts=true, version=96.0.4664.110, browserConnectionEnabled=false, nativeEvents=true, locationContextEnabled=true, cssSelectorsEnabled=true}]
Session ID: c122d77815867b03678236eb7451ea8c
*** Element info: {Using=xpath, value=//a[contains(text(),'APIUserUpload_0rby2lgb7XA')]}
	at org.openqa.selenium.remote.ErrorHandler.createThrowable(ErrorHandler.java:214)
	at org.openqa.selenium.remote.ErrorHandler.throwIfResponseFailed(ErrorHandler.java:166)
	at org.openqa.selenium.remote.http.JsonHttpResponseCodec.reconstructValue(JsonHttpResponseCodec.java:40)
	at org.openqa.selenium.remote.http.AbstractHttpResponseCodec.decode(AbstractHttpResponseCodec.java:82)
	at org.openqa.selenium.remote.http.AbstractHttpResponseCodec.decode(AbstractHttpResponseCodec.java:45)
	at org.openqa.selenium.remote.HttpCommandExecutor.execute(HttpCommandExecutor.java:164)
	at org.openqa.selenium.remote.service.DriverCommandExecutor.execute(DriverCommandExecutor.java:83)
	at org.openqa.selenium.remote.RemoteWebDriver.execute(RemoteWebDriver.java:586)
	at org.openqa.selenium.remote.RemoteWebDriver.findElement(RemoteWebDriver.java:356)
	at org.openqa.selenium.remote.RemoteWebDriver.findElementByXPath(RemoteWebDriver.java:458)
	at org.openqa.selenium.By$ByXPath.findElement(By.java:361)
	at org.openqa.selenium.remote.RemoteWebDriver.findElement(RemoteWebDriver.java:348)
	at com.vbrick.avenger.funUtil.WebElements.clickusingjavascript(WebElements.java:484)
	at com.vbrick.avenger.pageobjects.AvengerDashboardPage.clickVideo(AvengerDashboardPage.java:320)
	at com.vbrick.avenger.videocommentapi_AV_9879_testcases.RejectVideoAPI.TC_04_PUT_RejectVideopendingforapproval_api_check_With_EventAdmin_Positive(RejectVideoAPI.java:352)
	at java.util.concurrent.ThreadPoolExecutor.runWorker(Unknown Source)
	at java.util.concurrent.ThreadPoolExecutor$Worker.run(Unknown Source)
	at java.lang.Thread.run(Unknown Source)
... Removed 13 stack frames]]>
    </failure>
  </testcase> <!-- TC_04_PUT_RejectVideopendingforapproval_api_check_With_EventAdmin_Positive -->
  <testcase name="TC_09_PUT_EditEvent_MediaAdmin_publictoprivate_updatecategoriesandtags_updatefromPPtoVC_Positive" time="250.054" classname="com.vbrick.avenger.videocommentapi_AV_9879_testcases.EditEventApi_Av_9878">
    <failure type="java.lang.AssertionError" message="expected [200OK] but found [500null]">
      <![CDATA[java.lang.AssertionError: expected [200OK] but found [500null]
	at com.vbricks.avenger.api.verifications.AssertionAPIResponse.verifyAssert_httpCode(AssertionAPIResponse.java:15)
	at com.vbrick.avenger.videocommentapi_AV_9879_testcases.EditEventApi_Av_9878.TC_09_PUT_EditEvent_MediaAdmin_publictoprivate_updatecategoriesandtags_updatefromPPtoVC_Positive(EditEventApi_Av_9878.java:928)
	at java.util.concurrent.ThreadPoolExecutor.runWorker(Unknown Source)
	at java.util.concurrent.ThreadPoolExecutor$Worker.run(Unknown Source)
	at java.lang.Thread.run(Unknown Source)
... Removed 15 stack frames]]>
    </failure>
  </testcase> <!-- TC_09_PUT_EditEvent_MediaAdmin_publictoprivate_updatecategoriesandtags_updatefromPPtoVC_Positive -->
  <testcase name="TC_02_GET_CustomField_api_check_With_AccountAdmin_customField_NMNPP_Positive" time="386.976" classname="com.vbrick.avenger.videocommentapi_AV_9879_testcases.CustomField_Av_11101">
    <failure type="com.vbrick.Exception.ReasonsTimeOutException" message="
Build info: version: &amp;apos;3.6.0&amp;apos;, revision: &amp;apos;6fbf3ec767&amp;apos;, time: &amp;apos;2017-09-27T15:28:36.4Z&amp;apos;

Driver info: driver.version: unknown">
      <![CDATA[
	at com.vbrick.avenger.funUtil.WaitForElements.waitForElementPresent(WaitForElements.java:140)
	at com.vbrick.avenger.funUtil.WebElements.getText(WebElements.java:1012)
	at com.vbrick.avenger.pageobjects.AvengerManageCustomFieldsPage.verify_Label(AvengerManageCustomFieldsPage.java:92)
	at com.vbrick.avenger.videocommentapi_AV_9879_testcases.CustomField_Av_11101.TC_02_GET_CustomField_api_check_With_AccountAdmin_customField_NMNPP_Positive(CustomField_Av_11101.java:206)
	at java.util.concurrent.ThreadPoolExecutor.runWorker(Unknown Source)
	at java.util.concurrent.ThreadPoolExecutor$Worker.run(Unknown Source)
	at java.lang.Thread.run(Unknown Source)
... Removed 10 stack frames]]>
    </failure>
  </testcase> <!-- TC_02_GET_CustomField_api_check_With_AccountAdmin_customField_NMNPP_Positive -->
  <testcase name="TC_02_UploadImageFiles_AV10720_Uploading_ImageContent_MediaAdmin" time="87.383" classname="com.vbrick.avenger.uploadvideoapi_AV_6015_testcases.UploadImageFile_AV_10720">
    <failure type="com.vbrick.Exception.Reasons" message="FAIL">
      <![CDATA[com.vbrick.Exception.Reasons: FAIL
	at com.vbrick.Exception.CustomReport.checkinglist(CustomReport.java:390)
	at com.vbrick.avenger.uploadvideoapi_AV_6015_testcases.UploadImageFile_AV_10720.TC_02_UploadImageFiles_AV10720_Uploading_ImageContent_MediaAdmin(UploadImageFile_AV_10720.java:209)
	at java.util.concurrent.ThreadPoolExecutor.runWorker(Unknown Source)
	at java.util.concurrent.ThreadPoolExecutor$Worker.run(Unknown Source)
	at java.lang.Thread.run(Unknown Source)
... Removed 10 stack frames]]>
    </failure>
  </testcase> <!-- TC_02_UploadImageFiles_AV10720_Uploading_ImageContent_MediaAdmin -->
  <testcase name="TC_15_1_UploadVideos_MediaAdmin_With_VidoeACcessControlAsTeams_bygivingatleastoneteam_mediaadminasteamcontributor_Positive" time="268.205" classname="com.vbrick.avenger.uploadvideoapi_AV_6015_testcases.UploadVideos_AV_6015">
    <failure type="com.vbrick.Exception.ReasonsTimeOutException" message="
Build info: version: &amp;apos;3.6.0&amp;apos;, revision: &amp;apos;6fbf3ec767&amp;apos;, time: &amp;apos;2017-09-27T15:28:36.4Z&amp;apos;

Driver info: driver.version: unknown">
      <![CDATA[
	at com.vbrick.avenger.funUtil.WaitForElements.waitForElementPresent(WaitForElements.java:140)
	at com.vbrick.avenger.funUtil.WebElements.getText(WebElements.java:1012)
	at com.vbrick.avenger.pageobjects.AvengerVideoCommentsPage.verify_Label(AvengerVideoCommentsPage.java:1089)
	at com.vbrick.avenger.uploadvideoapi_AV_6015_testcases.UploadVideos_AV_6015.TC_15_1_UploadVideos_MediaAdmin_With_VidoeACcessControlAsTeams_bygivingatleastoneteam_mediaadminasteamcontributor_Positive(UploadVideos_AV_6015.java:1002)
	at java.util.concurrent.ThreadPoolExecutor.runWorker(Unknown Source)
	at java.util.concurrent.ThreadPoolExecutor$Worker.run(Unknown Source)
	at java.lang.Thread.run(Unknown Source)
... Removed 10 stack frames]]>
    </failure>
  </testcase> <!-- TC_15_1_UploadVideos_MediaAdmin_With_VidoeACcessControlAsTeams_bygivingatleastoneteam_mediaadminasteamcontributor_Positive -->
  <testcase name="TC_04_Delete_backgroundimage_ofapublicwebcast_with_mediaContributor_Positive" time="263.926" classname="com.vbrick.avenger.videocommentapi_AV_9879_testcases.DeleteBackgroundImage_AV18674">
    <failure type="java.lang.AssertionError" message="expected [HTTP StatusCode :200] but found [HTTP StatusCode :404]">
      <![CDATA[java.lang.AssertionError: expected [HTTP StatusCode :200] but found [HTTP StatusCode :404]
	at com.vbricks.avenger.api.verifications.AssertionAPIResponse.verifyAssert_httpCode(AssertionAPIResponse.java:15)
	at com.vbrick.avenger.videocommentapi_AV_9879_testcases.DeleteBackgroundImage_AV18674.TC_04_Delete_backgroundimage_ofapublicwebcast_with_mediaContributor_Positive(DeleteBackgroundImage_AV18674.java:409)
	at java.util.concurrent.ThreadPoolExecutor.runWorker(Unknown Source)
	at java.util.concurrent.ThreadPoolExecutor$Worker.run(Unknown Source)
	at java.lang.Thread.run(Unknown Source)
... Removed 15 stack frames]]>
    </failure>
  </testcase> <!-- TC_04_Delete_backgroundimage_ofapublicwebcast_with_mediaContributor_Positive -->
  <testcase name="TC_11_UploadVideo_Private_MediaAdmin_checkingmultiplecategorywithname_categoryexistsinrev_Positive" time="65.939" classname="com.vbrick.avenger.uploadvideoapi_AV_6015_testcases.UploadVideos_AV_6015"/>
  <testcase name="TC_01_Delete_backgroundimage_ofapublicwebcast_with_accoutAdmin_Positive" time="191.001" classname="com.vbrick.avenger.videocommentapi_AV_9879_testcases.DeleteBackgroundImage_AV18674">
    <failure type="java.lang.AssertionError" message="expected [200OK] but found [500null]">
      <![CDATA[java.lang.AssertionError: expected [200OK] but found [500null]
	at com.vbricks.avenger.api.verifications.AssertionAPIResponse.verifyAssert_httpCode(AssertionAPIResponse.java:15)
	at com.vbrick.avenger.videocommentapi_AV_9879_testcases.DeleteBackgroundImage_AV18674.TC_01_Delete_backgroundimage_ofapublicwebcast_with_accoutAdmin_Positive(DeleteBackgroundImage_AV18674.java:202)
	at java.util.concurrent.ThreadPoolExecutor.runWorker(Unknown Source)
	at java.util.concurrent.ThreadPoolExecutor$Worker.run(Unknown Source)
	at java.lang.Thread.run(Unknown Source)
... Removed 15 stack frames]]>
    </failure>
  </testcase> <!-- TC_01_Delete_backgroundimage_ofapublicwebcast_with_accoutAdmin_Positive -->
  <testcase name="TC_04_GET_CustomField_api_check_With_AccountAdmin_customField_MPT_Positive" time="426.006" classname="com.vbrick.avenger.videocommentapi_AV_9879_testcases.CustomField_Av_11101">
    <failure type="com.vbrick.Exception.ReasonsTimeOutException" message="
Build info: version: &amp;apos;3.6.0&amp;apos;, revision: &amp;apos;6fbf3ec767&amp;apos;, time: &amp;apos;2017-09-27T15:28:36.4Z&amp;apos;

Driver info: driver.version: unknown">
      <![CDATA[
	at com.vbrick.avenger.funUtil.WaitForElements.waitForElementPresent(WaitForElements.java:140)
	at com.vbrick.avenger.funUtil.WebElements.getText(WebElements.java:1012)
	at com.vbrick.avenger.pageobjects.AvengerManageCustomFieldsPage.verify_Label(AvengerManageCustomFieldsPage.java:92)
	at com.vbrick.avenger.videocommentapi_AV_9879_testcases.CustomField_Av_11101.TC_04_GET_CustomField_api_check_With_AccountAdmin_customField_MPT_Positive(CustomField_Av_11101.java:354)
	at java.util.concurrent.ThreadPoolExecutor.runWorker(Unknown Source)
	at java.util.concurrent.ThreadPoolExecutor$Worker.run(Unknown Source)
	at java.lang.Thread.run(Unknown Source)
... Removed 10 stack frames]]>
    </failure>
  </testcase> <!-- TC_04_GET_CustomField_api_check_With_AccountAdmin_customField_MPT_Positive -->
  <testcase name="TC_01_GET_EventList_api_check_With_AccountAdmin_Positive" time="536.356" classname="com.vbrick.avenger.videocommentapi_AV_9879_testcases.EventListApi_Av_11123">
    <failure type="com.vbrick.Exception.ReasonsTimeOutException" message="
Build info: version: &amp;apos;3.6.0&amp;apos;, revision: &amp;apos;6fbf3ec767&amp;apos;, time: &amp;apos;2017-09-27T15:28:36.4Z&amp;apos;

Driver info: driver.version: unknown">
      <![CDATA[
	at com.vbrick.avenger.funUtil.WaitForElements.waitForElementPresent(WaitForElements.java:140)
	at com.vbrick.avenger.pageobjects.AvengerHomePage.clickGroupsLink(AvengerHomePage.java:519)
	at com.vbrick.avenger.videocommentapi_AV_9879_testcases.EventListApi_Av_11123.create_groupfromUI(EventListApi_Av_11123.java:348)
	at com.vbrick.avenger.videocommentapi_AV_9879_testcases.EventListApi_Av_11123.TC_01_GET_EventList_api_check_With_AccountAdmin_Positive(EventListApi_Av_11123.java:185)
	at java.util.concurrent.ThreadPoolExecutor.runWorker(Unknown Source)
	at java.util.concurrent.ThreadPoolExecutor$Worker.run(Unknown Source)
	at java.lang.Thread.run(Unknown Source)
... Removed 10 stack frames]]>
    </failure>
  </testcase> <!-- TC_01_GET_EventList_api_check_With_AccountAdmin_Positive -->
  <testcase name="TC_01_GET_SearchAccessEntity_withoutgiving_parameters_api_check_With_AccountAdmin_Positive" time="464.123" classname="com.vbrick.avenger.videocommentapi_AV_9879_testcases.SearchAccessEntityApi_Av_10684">
    <failure type="com.vbrick.Exception.Reasons" message="FAIL">
      <![CDATA[com.vbrick.Exception.Reasons: FAIL
	at com.vbrick.Exception.CustomReport.checkinglist(CustomReport.java:390)
	at com.vbrick.avenger.videocommentapi_AV_9879_testcases.SearchAccessEntityApi_Av_10684.TC_01_GET_SearchAccessEntity_withoutgiving_parameters_api_check_With_AccountAdmin_Positive(SearchAccessEntityApi_Av_10684.java:228)
	at java.util.concurrent.ThreadPoolExecutor.runWorker(Unknown Source)
	at java.util.concurrent.ThreadPoolExecutor$Worker.run(Unknown Source)
	at java.lang.Thread.run(Unknown Source)
... Removed 10 stack frames]]>
    </failure>
  </testcase> <!-- TC_01_GET_SearchAccessEntity_withoutgiving_parameters_api_check_With_AccountAdmin_Positive -->
  <testcase name="TC_23_UploadVideos_AccountAdmin_EnableCommentsfalse_Public_Positive" time="245.635" classname="com.vbrick.avenger.uploadvideoapi_AV_6015_testcases.UploadVideos_AV_6015">
    <failure type="com.vbrick.Exception.ReasonsTimeOutException" message="
Build info: version: &amp;apos;3.6.0&amp;apos;, revision: &amp;apos;6fbf3ec767&amp;apos;, time: &amp;apos;2017-09-27T15:28:36.4Z&amp;apos;

Driver info: driver.version: unknown">
      <![CDATA[
	at com.vbrick.avenger.funUtil.WaitForElements.waitForElementPresent(WaitForElements.java:140)
	at com.vbrick.avenger.funUtil.WebElements.getAttribute(WebElements.java:856)
	at com.vbrick.avenger.pageobjects.AvengerEditVideoSettingsPage.verifyEnableCommentsSelected(AvengerEditVideoSettingsPage.java:417)
	at com.vbrick.avenger.uploadvideoapi_AV_6015_testcases.UploadVideos_AV_6015.TC_23_UploadVideos_AccountAdmin_EnableCommentsfalse_Public_Positive(UploadVideos_AV_6015.java:1335)
	at java.util.concurrent.ThreadPoolExecutor.runWorker(Unknown Source)
	at java.util.concurrent.ThreadPoolExecutor$Worker.run(Unknown Source)
	at java.lang.Thread.run(Unknown Source)
... Removed 10 stack frames]]>
    </failure>
  </testcase> <!-- TC_23_UploadVideos_AccountAdmin_EnableCommentsfalse_Public_Positive -->
  <testcase name="TC_05_GET_EventList_api_check_With_MediaViewer_Positive" time="32.214" classname="com.vbrick.avenger.videocommentapi_AV_9879_testcases.EventListApi_Av_11123">
    <failure type="com.vbrick.Exception.Reasons" message="FAIL">
      <![CDATA[com.vbrick.Exception.Reasons: FAIL
	at com.vbrick.Exception.CustomReport.checkinglist(CustomReport.java:390)
	at com.vbrick.avenger.videocommentapi_AV_9879_testcases.EventListApi_Av_11123.TC_05_GET_EventList_api_check_With_MediaViewer_Positive(EventListApi_Av_11123.java:330)
	at java.util.concurrent.ThreadPoolExecutor.runWorker(Unknown Source)
	at java.util.concurrent.ThreadPoolExecutor$Worker.run(Unknown Source)
	at java.lang.Thread.run(Unknown Source)
... Removed 10 stack frames]]>
    </failure>
  </testcase> <!-- TC_05_GET_EventList_api_check_With_MediaViewer_Positive -->
  <testcase name="TC_02_GET_EventList_api_check_With_MediaAdmin_Positive" time="27.386" classname="com.vbrick.avenger.videocommentapi_AV_9879_testcases.EventListApi_Av_11123">
    <failure type="com.vbrick.Exception.Reasons" message="FAIL">
      <![CDATA[com.vbrick.Exception.Reasons: FAIL
	at com.vbrick.Exception.CustomReport.checkinglist(CustomReport.java:390)
	at com.vbrick.avenger.videocommentapi_AV_9879_testcases.EventListApi_Av_11123.TC_02_GET_EventList_api_check_With_MediaAdmin_Positive(EventListApi_Av_11123.java:273)
	at java.util.concurrent.ThreadPoolExecutor.runWorker(Unknown Source)
	at java.util.concurrent.ThreadPoolExecutor$Worker.run(Unknown Source)
	at java.lang.Thread.run(Unknown Source)
... Removed 10 stack frames]]>
    </failure>
  </testcase> <!-- TC_02_GET_EventList_api_check_With_MediaAdmin_Positive -->
  <testcase name="TC_09_DeleteVideoCommentsAPI_WhenCommentsDisabledforAccount_check_with_AccountAdmins_Positive" time="23.503" classname="com.vbrick.avenger.videocommentapi_AV_9879_testcases.DeleteVideoComments">
    <failure type="org.openqa.selenium.WebDriverException" message="unknown error: Element &amp;lt;input type=&amp;quot;checkbox&amp;quot; id=&amp;quot;enableComments&amp;quot; name=&amp;quot;enableComments&amp;quot; class=&amp;quot;checkbox-single ng-untouched ng-pristine ng-valid&amp;quot;&amp;gt; is not clickable at point (379, 359). Other element would receive the click: &amp;lt;modal-container role=&amp;quot;dialog&amp;quot; tabindex=&amp;quot;-1&amp;quot; class=&amp;quot;modal fade&amp;quot; aria-modal=&amp;quot;true&amp;quot; style=&amp;quot;display: block;&amp;quot;&amp;gt;...&amp;lt;/modal-container&amp;gt;
  (Session info: chrome=96.0.4664.110)
  (Driver info: chromedriver=2.36.540470 (e522d04694c7ebea4ba8821272dbef4f9b818c91),platform=Windows NT 6.1.7600 x86_64) (WARNING: The server did not provide any stacktrace information)
Command duration or timeout: 0 milliseconds
Build info: version: &amp;apos;3.6.0&amp;apos;, revision: &amp;apos;6fbf3ec767&amp;apos;, time: &amp;apos;2017-09-27T15:28:36.4Z&amp;apos;
System info: host: &amp;apos;VA-WIN7QA-01&amp;apos;, ip: &amp;apos;10.10.6.14&amp;apos;, os.name: &amp;apos;Windows 7&amp;apos;, os.arch: &amp;apos;amd64&amp;apos;, os.version: &amp;apos;6.1&amp;apos;, java.version: &amp;apos;1.8.0_101&amp;apos;
Driver info: org.openqa.selenium.chrome.ChromeDriver
Capabilities [{mobileEmulationEnabled=false, hasTouchScreen=false, platform=XP, acceptSslCerts=false, acceptInsecureCerts=false, webStorageEnabled=true, browserName=chrome, takesScreenshot=true, javascriptEnabled=true, platformName=XP, setWindowRect=true, unexpectedAlertBehaviour=, applicationCacheEnabled=false, rotatable=false, networkConnectionEnabled=false, chrome={chromedriverVersion=2.36.540470 (e522d04694c7ebea4ba8821272dbef4f9b818c91), userDataDir=C:\Users\ARJUN~1.ABH\AppData\Local\Temp\scoped_dir6652_19176}, takesHeapSnapshot=true, pageLoadStrategy=normal, unhandledPromptBehavior=, databaseEnabled=false, handlesAlerts=true, version=96.0.4664.110, browserConnectionEnabled=false, nativeEvents=true, locationContextEnabled=true, cssSelectorsEnabled=true}]
Session ID: f29c4df937a9bc04efcd73b2fd7d65b5">
      <![CDATA[org.openqa.selenium.WebDriverException: unknown error: Element <input type="checkbox" id="enableComments" name="enableComments" class="checkbox-single ng-untouched ng-pristine ng-valid"> is not clickable at point (379, 359). Other element would receive the click: <modal-container role="dialog" tabindex="-1" class="modal fade" aria-modal="true" style="display: block;">...</modal-container>
  (Session info: chrome=96.0.4664.110)
  (Driver info: chromedriver=2.36.540470 (e522d04694c7ebea4ba8821272dbef4f9b818c91),platform=Windows NT 6.1.7600 x86_64) (WARNING: The server did not provide any stacktrace information)
Command duration or timeout: 0 milliseconds
Build info: version: '3.6.0', revision: '6fbf3ec767', time: '2017-09-27T15:28:36.4Z'
System info: host: 'VA-WIN7QA-01', ip: '10.10.6.14', os.name: 'Windows 7', os.arch: 'amd64', os.version: '6.1', java.version: '1.8.0_101'
Driver info: org.openqa.selenium.chrome.ChromeDriver
Capabilities [{mobileEmulationEnabled=false, hasTouchScreen=false, platform=XP, acceptSslCerts=false, acceptInsecureCerts=false, webStorageEnabled=true, browserName=chrome, takesScreenshot=true, javascriptEnabled=true, platformName=XP, setWindowRect=true, unexpectedAlertBehaviour=, applicationCacheEnabled=false, rotatable=false, networkConnectionEnabled=false, chrome={chromedriverVersion=2.36.540470 (e522d04694c7ebea4ba8821272dbef4f9b818c91), userDataDir=C:\Users\ARJUN~1.ABH\AppData\Local\Temp\scoped_dir6652_19176}, takesHeapSnapshot=true, pageLoadStrategy=normal, unhandledPromptBehavior=, databaseEnabled=false, handlesAlerts=true, version=96.0.4664.110, browserConnectionEnabled=false, nativeEvents=true, locationContextEnabled=true, cssSelectorsEnabled=true}]
Session ID: f29c4df937a9bc04efcd73b2fd7d65b5
	at org.openqa.selenium.remote.ErrorHandler.createThrowable(ErrorHandler.java:214)
	at org.openqa.selenium.remote.ErrorHandler.throwIfResponseFailed(ErrorHandler.java:166)
	at org.openqa.selenium.remote.http.JsonHttpResponseCodec.reconstructValue(JsonHttpResponseCodec.java:40)
	at org.openqa.selenium.remote.http.AbstractHttpResponseCodec.decode(AbstractHttpResponseCodec.java:82)
	at org.openqa.selenium.remote.http.AbstractHttpResponseCodec.decode(AbstractHttpResponseCodec.java:45)
	at org.openqa.selenium.remote.HttpCommandExecutor.execute(HttpCommandExecutor.java:164)
	at org.openqa.selenium.remote.service.DriverCommandExecutor.execute(DriverCommandExecutor.java:83)
	at org.openqa.selenium.remote.RemoteWebDriver.execute(RemoteWebDriver.java:586)
	at org.openqa.selenium.remote.RemoteWebElement.execute(RemoteWebElement.java:279)
	at org.openqa.selenium.remote.RemoteWebElement.click(RemoteWebElement.java:83)
	at com.vbrick.avenger.funUtil.WebElements.check_Checkbox(WebElements.java:538)
	at com.vbrick.avenger.pageobjects.AvengerFeaturesPage.enableComments(AvengerFeaturesPage.java:119)
	at com.vbrick.avenger.videocommentapi_AV_9879_testcases.DeleteVideoComments.TC_09_DeleteVideoCommentsAPI_WhenCommentsDisabledforAccount_check_with_AccountAdmins_Positive(DeleteVideoComments.java:577)
	at java.util.concurrent.ThreadPoolExecutor.runWorker(Unknown Source)
	at java.util.concurrent.ThreadPoolExecutor$Worker.run(Unknown Source)
	at java.lang.Thread.run(Unknown Source)
... Removed 14 stack frames]]>
    </failure>
  </testcase> <!-- TC_09_DeleteVideoCommentsAPI_WhenCommentsDisabledforAccount_check_with_AccountAdmins_Positive -->
  <testcase name="TC_02_Delete_backgroundimage_ofaprivatewebcast_with_eventadmin_Positive" time="348.919" classname="com.vbrick.avenger.videocommentapi_AV_9879_testcases.DeleteBackgroundImage_AV18674">
    <failure type="org.openqa.selenium.TimeoutException" message="Expected condition failed: waiting for presence of element located by: By.xpath: //*[contains(@class,&amp;apos;fc-header&amp;apos;)] (tried for 60 second(s) with 500 MILLISECONDS interval)">
      <![CDATA[org.openqa.selenium.TimeoutException: Expected condition failed: waiting for presence of element located by: By.xpath: //*[contains(@class,'fc-header')] (tried for 60 second(s) with 500 MILLISECONDS interval)
	at org.openqa.selenium.support.ui.WebDriverWait.timeoutException(WebDriverWait.java:80)
	at org.openqa.selenium.support.ui.FluentWait.until(FluentWait.java:265)
	at com.vbrick.avenger.funUtil.WaitForElements.waitForElement(WaitForElements.java:343)
	at com.vbrick.avenger.pageobjects.AvengerDashboardPage.click_EventsTab(AvengerDashboardPage.java:88)
	at com.vbrick.avenger.videocommentapi_AV_9879_testcases.DeleteBackgroundImage_AV18674.TC_02_Delete_backgroundimage_ofaprivatewebcast_with_eventadmin_Positive(DeleteBackgroundImage_AV18674.java:290)
	at java.util.concurrent.ThreadPoolExecutor.runWorker(Unknown Source)
	at java.util.concurrent.ThreadPoolExecutor$Worker.run(Unknown Source)
	at java.lang.Thread.run(Unknown Source)
Caused by: org.openqa.selenium.NoSuchElementException: no such element: Unable to locate element: {"method":"xpath","selector":"//*[contains(@class,'fc-header')]"}
  (Session info: chrome=96.0.4664.110)
  (Driver info: chromedriver=2.36.540470 (e522d04694c7ebea4ba8821272dbef4f9b818c91),platform=Windows NT 6.1.7600 x86_64) (WARNING: The server did not provide any stacktrace information)
Command duration or timeout: 0 milliseconds
For documentation on this error, please visit: http://seleniumhq.org/exceptions/no_such_element.html
Build info: version: '3.6.0', revision: '6fbf3ec767', time: '2017-09-27T15:28:36.4Z'
System info: host: 'VA-WIN7QA-01', ip: '10.10.6.14', os.name: 'Windows 7', os.arch: 'amd64', os.version: '6.1', java.version: '1.8.0_101'
Driver info: org.openqa.selenium.chrome.ChromeDriver
Capabilities [{mobileEmulationEnabled=false, hasTouchScreen=false, platform=XP, acceptSslCerts=false, acceptInsecureCerts=false, webStorageEnabled=true, browserName=chrome, takesScreenshot=true, javascriptEnabled=true, platformName=XP, setWindowRect=true, unexpectedAlertBehaviour=, applicationCacheEnabled=false, rotatable=false, networkConnectionEnabled=false, chrome={chromedriverVersion=2.36.540470 (e522d04694c7ebea4ba8821272dbef4f9b818c91), userDataDir=C:\Users\ARJUN~1.ABH\AppData\Local\Temp\scoped_dir36232_1569}, takesHeapSnapshot=true, pageLoadStrategy=normal, unhandledPromptBehavior=, databaseEnabled=false, handlesAlerts=true, version=96.0.4664.110, browserConnectionEnabled=false, nativeEvents=true, locationContextEnabled=true, cssSelectorsEnabled=true}]
Session ID: ebc229a68752ec720359e52e77e1ce1b
*** Element info: {Using=xpath, value=//*[contains(@class,'fc-header')]}
	at org.openqa.selenium.remote.ErrorHandler.createThrowable(ErrorHandler.java:214)
	at org.openqa.selenium.remote.ErrorHandler.throwIfResponseFailed(ErrorHandler.java:166)
	at org.openqa.selenium.remote.http.JsonHttpResponseCodec.reconstructValue(JsonHttpResponseCodec.java:40)
	at org.openqa.selenium.remote.http.AbstractHttpResponseCodec.decode(AbstractHttpResponseCodec.java:82)
	at org.openqa.selenium.remote.http.AbstractHttpResponseCodec.decode(AbstractHttpResponseCodec.java:45)
	at org.openqa.selenium.remote.HttpCommandExecutor.execute(HttpCommandExecutor.java:164)
	at org.openqa.selenium.remote.service.DriverCommandExecutor.execute(DriverCommandExecutor.java:83)
	at org.openqa.selenium.remote.RemoteWebDriver.execute(RemoteWebDriver.java:586)
	at org.openqa.selenium.remote.RemoteWebDriver.findElement(RemoteWebDriver.java:356)
	at org.openqa.selenium.remote.RemoteWebDriver.findElementByXPath(RemoteWebDriver.java:458)
	at org.openqa.selenium.By$ByXPath.findElement(By.java:361)
	at org.openqa.selenium.remote.RemoteWebDriver.findElement(RemoteWebDriver.java:348)
	at org.openqa.selenium.support.ui.ExpectedConditions.findElement(ExpectedConditions.java:895)
	at org.openqa.selenium.support.ui.ExpectedConditions.access$000(ExpectedConditions.java:41)
	at org.openqa.selenium.support.ui.ExpectedConditions$6.apply(ExpectedConditions.java:181)
	at org.openqa.selenium.support.ui.ExpectedConditions$6.apply(ExpectedConditions.java:178)
	at org.openqa.selenium.support.ui.FluentWait.until(FluentWait.java:238)
	... 16 more
... Removed 13 stack frames]]>
    </failure>
  </testcase> <!-- TC_02_Delete_backgroundimage_ofaprivatewebcast_with_eventadmin_Positive -->
  <testcase name="TC_11_GET_CustomField_api_check_With_MediaViewer_afterAssigningtoaGroup_Positive" time="389.087" classname="com.vbrick.avenger.videocommentapi_AV_9879_testcases.CustomField_Av_11101">
    <failure type="com.vbrick.Exception.ReasonsTimeOutException" message="
Build info: version: &amp;apos;3.6.0&amp;apos;, revision: &amp;apos;6fbf3ec767&amp;apos;, time: &amp;apos;2017-09-27T15:28:36.4Z&amp;apos;

Driver info: driver.version: unknown">
      <![CDATA[
	at com.vbrick.avenger.funUtil.WaitForElements.waitForElementPresent(WaitForElements.java:140)
	at com.vbrick.avenger.funUtil.WebElements.getText(WebElements.java:1012)
	at com.vbrick.avenger.pageobjects.AvengerManageCustomFieldsPage.verify_Label(AvengerManageCustomFieldsPage.java:92)
	at com.vbrick.avenger.videocommentapi_AV_9879_testcases.CustomField_Av_11101.TC_11_GET_CustomField_api_check_With_MediaViewer_afterAssigningtoaGroup_Positive(CustomField_Av_11101.java:629)
	at java.util.concurrent.ThreadPoolExecutor.runWorker(Unknown Source)
	at java.util.concurrent.ThreadPoolExecutor$Worker.run(Unknown Source)
	at java.lang.Thread.run(Unknown Source)
... Removed 10 stack frames]]>
    </failure>
  </testcase> <!-- TC_11_GET_CustomField_api_check_With_MediaViewer_afterAssigningtoaGroup_Positive -->
  <testcase name="TC_01_POST_UpdateVideosCommentsAPI_api_check_with_AccountAdmins_Positive" time="0.755" classname="com.vbrick.avenger.videocommentapi_AV_9879_testcases.UpdateVideoComments">
    <failure type="java.lang.AssertionError" message="expected [200] but found [401]">
      <![CDATA[java.lang.AssertionError: expected [200] but found [401]
	at com.vbricks.avenger.api.verifications.AssertionAPIResponse.verifyAssert_httpCode(AssertionAPIResponse.java:15)
	at com.vbrick.avenger.videocommentapi_AV_9879_testcases.UpdateVideoComments.TC_01_POST_UpdateVideosCommentsAPI_api_check_with_AccountAdmins_Positive(UpdateVideoComments.java:166)
	at java.util.concurrent.ThreadPoolExecutor.runWorker(Unknown Source)
	at java.util.concurrent.ThreadPoolExecutor$Worker.run(Unknown Source)
	at java.lang.Thread.run(Unknown Source)
... Removed 15 stack frames]]>
    </failure>
  </testcase> <!-- TC_01_POST_UpdateVideosCommentsAPI_api_check_with_AccountAdmins_Positive -->
  <testcase name="TC_06_POST_UpdateVideosCommentsAPI_api_adding_a_Childcomment_INVALID_CommentID_AccountAdmins_Negative" time="1.287" classname="com.vbrick.avenger.videocommentapi_AV_9879_testcases.UpdateVideoComments">
    <failure type="java.lang.AssertionError" message="expected [200OK] but found [401null]">
      <![CDATA[java.lang.AssertionError: expected [200OK] but found [401null]
	at com.vbricks.avenger.api.verifications.AssertionAPIResponse.verifyAssert_httpCode(AssertionAPIResponse.java:15)
	at com.vbrick.avenger.videocommentapi_AV_9879_testcases.UpdateVideoComments.TC_06_POST_UpdateVideosCommentsAPI_api_adding_a_Childcomment_INVALID_CommentID_AccountAdmins_Negative(UpdateVideoComments.java:377)
	at java.util.concurrent.ThreadPoolExecutor.runWorker(Unknown Source)
	at java.util.concurrent.ThreadPoolExecutor$Worker.run(Unknown Source)
	at java.lang.Thread.run(Unknown Source)
... Removed 15 stack frames]]>
    </failure>
  </testcase> <!-- TC_06_POST_UpdateVideosCommentsAPI_api_adding_a_Childcomment_INVALID_CommentID_AccountAdmins_Negative -->
  <testcase name="TC_05_POST_UpdateVideosCommentsAPI_api_check_on_behalf_of_anotheruser_Positive" time="0.784" classname="com.vbrick.avenger.videocommentapi_AV_9879_testcases.UpdateVideoComments">
    <failure type="java.lang.AssertionError" message="expected [200] but found [401]">
      <![CDATA[java.lang.AssertionError: expected [200] but found [401]
	at com.vbricks.avenger.api.verifications.AssertionAPIResponse.verifyAssert_httpCode(AssertionAPIResponse.java:15)
	at com.vbrick.avenger.videocommentapi_AV_9879_testcases.UpdateVideoComments.TC_05_POST_UpdateVideosCommentsAPI_api_check_on_behalf_of_anotheruser_Positive(UpdateVideoComments.java:329)
	at java.util.concurrent.ThreadPoolExecutor.runWorker(Unknown Source)
	at java.util.concurrent.ThreadPoolExecutor$Worker.run(Unknown Source)
	at java.lang.Thread.run(Unknown Source)
... Removed 15 stack frames]]>
    </failure>
  </testcase> <!-- TC_05_POST_UpdateVideosCommentsAPI_api_check_on_behalf_of_anotheruser_Positive -->
  <testcase name="TC_03_POST_UpdateVideosCommentsAPI_api_check_with_MediaViewer_Positive" time="0.875" classname="com.vbrick.avenger.videocommentapi_AV_9879_testcases.UpdateVideoComments">
    <failure type="java.lang.AssertionError" message="expected [200] but found [401]">
      <![CDATA[java.lang.AssertionError: expected [200] but found [401]
	at com.vbricks.avenger.api.verifications.AssertionAPIResponse.verifyAssert_httpCode(AssertionAPIResponse.java:15)
	at com.vbrick.avenger.videocommentapi_AV_9879_testcases.UpdateVideoComments.TC_03_POST_UpdateVideosCommentsAPI_api_check_with_MediaViewer_Positive(UpdateVideoComments.java:249)
	at java.util.concurrent.ThreadPoolExecutor.runWorker(Unknown Source)
	at java.util.concurrent.ThreadPoolExecutor$Worker.run(Unknown Source)
	at java.lang.Thread.run(Unknown Source)
... Removed 15 stack frames]]>
    </failure>
  </testcase> <!-- TC_03_POST_UpdateVideosCommentsAPI_api_check_with_MediaViewer_Positive -->
  <testcase name="TC_02_POST_UpdateVideosCommentsAPI_InvalidVideoID_check_with_AccountAdmins_Negative" time="0.211" classname="com.vbrick.avenger.videocommentapi_AV_9879_testcases.UpdateVideoComments">
    <failure type="java.lang.AssertionError" message="expected [500] but found [401]">
      <![CDATA[java.lang.AssertionError: expected [500] but found [401]
	at com.vbricks.avenger.api.verifications.AssertionAPIResponse.verifyAssert_httpCode(AssertionAPIResponse.java:15)
	at com.vbrick.avenger.videocommentapi_AV_9879_testcases.UpdateVideoComments.TC_02_POST_UpdateVideosCommentsAPI_InvalidVideoID_check_with_AccountAdmins_Negative(UpdateVideoComments.java:207)
	at java.util.concurrent.ThreadPoolExecutor.runWorker(Unknown Source)
	at java.util.concurrent.ThreadPoolExecutor$Worker.run(Unknown Source)
	at java.lang.Thread.run(Unknown Source)
... Removed 15 stack frames]]>
    </failure>
  </testcase> <!-- TC_02_POST_UpdateVideosCommentsAPI_InvalidVideoID_check_with_AccountAdmins_Negative -->
  <testcase name="TC_07_POST_UpdateVideosCommentsAPI_api_adding_a_Childcomment_to_a_video_AccountAdmins_Positive" time="0.782" classname="com.vbrick.avenger.videocommentapi_AV_9879_testcases.UpdateVideoComments">
    <failure type="java.lang.AssertionError" message="expected [200OK] but found [401null]">
      <![CDATA[java.lang.AssertionError: expected [200OK] but found [401null]
	at com.vbricks.avenger.api.verifications.AssertionAPIResponse.verifyAssert_httpCode(AssertionAPIResponse.java:15)
	at com.vbrick.avenger.videocommentapi_AV_9879_testcases.UpdateVideoComments.TC_07_POST_UpdateVideosCommentsAPI_api_adding_a_Childcomment_to_a_video_AccountAdmins_Positive(UpdateVideoComments.java:426)
	at java.util.concurrent.ThreadPoolExecutor.runWorker(Unknown Source)
	at java.util.concurrent.ThreadPoolExecutor$Worker.run(Unknown Source)
	at java.lang.Thread.run(Unknown Source)
... Removed 15 stack frames]]>
    </failure>
  </testcase> <!-- TC_07_POST_UpdateVideosCommentsAPI_api_adding_a_Childcomment_to_a_video_AccountAdmins_Positive -->
  <testcase name="TC_08_UploadTranscriptionFiles_AV10646_Uploading_TranscriptionContent_AccountAdmin_ByOverRidingAnExistingFile" time="42.942" classname="com.vbrick.avenger.uploadvideoapi_AV_6015_testcases.UploadTranscriptionFile_AV_10646">
    <failure type="com.vbrick.Exception.Reasons" message="FAIL">
      <![CDATA[com.vbrick.Exception.Reasons: FAIL
	at com.vbrick.Exception.CustomReport.checkinglist(CustomReport.java:390)
	at com.vbrick.avenger.uploadvideoapi_AV_6015_testcases.UploadTranscriptionFile_AV_10646.TC_08_UploadTranscriptionFiles_AV10646_Uploading_TranscriptionContent_AccountAdmin_ByOverRidingAnExistingFile(UploadTranscriptionFile_AV_10646.java:481)
	at java.util.concurrent.ThreadPoolExecutor.runWorker(Unknown Source)
	at java.util.concurrent.ThreadPoolExecutor$Worker.run(Unknown Source)
	at java.lang.Thread.run(Unknown Source)
... Removed 10 stack frames]]>
    </failure>
  </testcase> <!-- TC_08_UploadTranscriptionFiles_AV10646_Uploading_TranscriptionContent_AccountAdmin_ByOverRidingAnExistingFile -->
  <testcase name="TC_42_UploadVideo_Public_MediaContributor_withmandatecustomfieldvalue_valuenotgiven_Positive" time="388.541" classname="com.vbrick.avenger.uploadvideoapi_AV_6015_testcases.UploadVideos_AV_6015">
    <failure type="com.vbrick.Exception.ReasonsTimeOutException" message="
Build info: version: &amp;apos;3.6.0&amp;apos;, revision: &amp;apos;6fbf3ec767&amp;apos;, time: &amp;apos;2017-09-27T15:28:36.4Z&amp;apos;

Driver info: driver.version: unknown">
      <![CDATA[
	at com.vbrick.avenger.funUtil.WaitForElements.waitForElementPresent(WaitForElements.java:140)
	at com.vbrick.avenger.funUtil.WebElements.getText(WebElements.java:1012)
	at com.vbrick.avenger.pageobjects.AvengerManageCustomFieldsPage.verify_Label(AvengerManageCustomFieldsPage.java:92)
	at com.vbrick.avenger.uploadvideoapi_AV_6015_testcases.UploadVideos_AV_6015.TC_42_UploadVideo_Public_MediaContributor_withmandatecustomfieldvalue_valuenotgiven_Positive(UploadVideos_AV_6015.java:2393)
	at java.util.concurrent.ThreadPoolExecutor.runWorker(Unknown Source)
	at java.util.concurrent.ThreadPoolExecutor$Worker.run(Unknown Source)
	at java.lang.Thread.run(Unknown Source)
... Removed 10 stack frames]]>
    </failure>
  </testcase> <!-- TC_42_UploadVideo_Public_MediaContributor_withmandatecustomfieldvalue_valuenotgiven_Positive -->
  <testcase name="TC_01_GET_TeamList_api_check_With_AccountAdmin_givingteammembers_userasteamadmin_Positive" time="166.591" classname="com.vbrick.avenger.videocommentapi_AV_9879_testcases.GetTeamsApi_AV_">
    <failure type="com.vbrick.Exception.Reasons" message="FAIL">
      <![CDATA[com.vbrick.Exception.Reasons: FAIL
	at com.vbrick.Exception.CustomReport.checkinglist(CustomReport.java:390)
	at com.vbrick.avenger.videocommentapi_AV_9879_testcases.GetTeamsApi_AV_.TC_01_GET_TeamList_api_check_With_AccountAdmin_givingteammembers_userasteamadmin_Positive(GetTeamsApi_AV_.java:214)
	at java.util.concurrent.ThreadPoolExecutor.runWorker(Unknown Source)
	at java.util.concurrent.ThreadPoolExecutor$Worker.run(Unknown Source)
	at java.lang.Thread.run(Unknown Source)
... Removed 10 stack frames]]>
    </failure>
  </testcase> <!-- TC_01_GET_TeamList_api_check_With_AccountAdmin_givingteammembers_userasteamadmin_Positive -->
  <testcase name="TC_03_GET_SearchAccessEntity_using_group_api_check_With_EventAdmin_Positive" time="464.568" classname="com.vbrick.avenger.videocommentapi_AV_9879_testcases.SearchAccessEntityApi_Av_10684">
    <failure type="com.vbrick.Exception.Reasons" message="FAIL">
      <![CDATA[com.vbrick.Exception.Reasons: FAIL
	at com.vbrick.Exception.CustomReport.checkinglist(CustomReport.java:390)
	at com.vbrick.avenger.videocommentapi_AV_9879_testcases.SearchAccessEntityApi_Av_10684.TC_03_GET_SearchAccessEntity_using_group_api_check_With_EventAdmin_Positive(SearchAccessEntityApi_Av_10684.java:326)
	at java.util.concurrent.ThreadPoolExecutor.runWorker(Unknown Source)
	at java.util.concurrent.ThreadPoolExecutor$Worker.run(Unknown Source)
	at java.lang.Thread.run(Unknown Source)
... Removed 10 stack frames]]>
    </failure>
  </testcase> <!-- TC_03_GET_SearchAccessEntity_using_group_api_check_With_EventAdmin_Positive -->
  <testcase name="TC_01_GET_UserEmail_api_check_UserEmail_with_AccoutAdmin_Positive" time="56.803" classname="com.vbrick.avenger.videocommentapi_AV_9879_testcases.UserDetailsWithEmailApi_AV_9873">
    <failure type="com.vbrick.Exception.Reasons" message="FAIL">
      <![CDATA[com.vbrick.Exception.Reasons: FAIL
	at com.vbrick.Exception.CustomReport.checkinglist(CustomReport.java:390)
	at com.vbrick.avenger.videocommentapi_AV_9879_testcases.UserDetailsWithEmailApi_AV_9873.TC_01_GET_UserEmail_api_check_UserEmail_with_AccoutAdmin_Positive(UserDetailsWithEmailApi_AV_9873.java:271)
	at java.util.concurrent.ThreadPoolExecutor.runWorker(Unknown Source)
	at java.util.concurrent.ThreadPoolExecutor$Worker.run(Unknown Source)
	at java.lang.Thread.run(Unknown Source)
... Removed 10 stack frames]]>
    </failure>
  </testcase> <!-- TC_01_GET_UserEmail_api_check_UserEmail_with_AccoutAdmin_Positive -->
  <testcase name="TC_02_GET_SearchAccessEntity_using_user_api_check_With_MediaAdmin_Positive" time="0.506" classname="com.vbrick.avenger.videocommentapi_AV_9879_testcases.SearchAccessEntityApi_Av_10684">
    <failure type="com.vbrick.Exception.Reasons" message="FAIL">
      <![CDATA[com.vbrick.Exception.Reasons: FAIL
	at com.vbrick.Exception.CustomReport.checkinglist(CustomReport.java:390)
	at com.vbrick.avenger.videocommentapi_AV_9879_testcases.SearchAccessEntityApi_Av_10684.TC_02_GET_SearchAccessEntity_using_user_api_check_With_MediaAdmin_Positive(SearchAccessEntityApi_Av_10684.java:270)
	at java.util.concurrent.ThreadPoolExecutor.runWorker(Unknown Source)
	at java.util.concurrent.ThreadPoolExecutor$Worker.run(Unknown Source)
	at java.lang.Thread.run(Unknown Source)
... Removed 10 stack frames]]>
    </failure>
  </testcase> <!-- TC_02_GET_SearchAccessEntity_using_user_api_check_With_MediaAdmin_Positive -->
  <testcase name="TC_41_UploadVideos_Teams_AccountAdmin_onevalidandoneinvalidteam_Positive" time="79.396" classname="com.vbrick.avenger.uploadvideoapi_AV_6015_testcases.UploadVideos_AV_6015">
    <failure type="org.openqa.selenium.NoSuchElementException" message="no such element: Unable to locate element: {&amp;quot;method&amp;quot;:&amp;quot;xpath&amp;quot;,&amp;quot;selector&amp;quot;:&amp;quot;//a[contains(text(),&amp;apos;APIUserUpload_LN2yHQudWur&amp;apos;)]&amp;quot;}
  (Session info: chrome=96.0.4664.110)
  (Driver info: chromedriver=2.36.540470 (e522d04694c7ebea4ba8821272dbef4f9b818c91),platform=Windows NT 6.1.7600 x86_64) (WARNING: The server did not provide any stacktrace information)
Command duration or timeout: 0 milliseconds
For documentation on this error, please visit: http://seleniumhq.org/exceptions/no_such_element.html
Build info: version: &amp;apos;3.6.0&amp;apos;, revision: &amp;apos;6fbf3ec767&amp;apos;, time: &amp;apos;2017-09-27T15:28:36.4Z&amp;apos;
System info: host: &amp;apos;VA-WIN7QA-01&amp;apos;, ip: &amp;apos;10.10.6.14&amp;apos;, os.name: &amp;apos;Windows 7&amp;apos;, os.arch: &amp;apos;amd64&amp;apos;, os.version: &amp;apos;6.1&amp;apos;, java.version: &amp;apos;1.8.0_101&amp;apos;
Driver info: org.openqa.selenium.chrome.ChromeDriver
Capabilities [{mobileEmulationEnabled=false, hasTouchScreen=false, platform=XP, acceptSslCerts=false, acceptInsecureCerts=false, webStorageEnabled=true, browserName=chrome, takesScreenshot=true, javascriptEnabled=true, platformName=XP, setWindowRect=true, unexpectedAlertBehaviour=, applicationCacheEnabled=false, rotatable=false, networkConnectionEnabled=false, chrome={chromedriverVersion=2.36.540470 (e522d04694c7ebea4ba8821272dbef4f9b818c91), userDataDir=C:\Users\ARJUN~1.ABH\AppData\Local\Temp\scoped_dir20212_20168}, takesHeapSnapshot=true, pageLoadStrategy=normal, unhandledPromptBehavior=, databaseEnabled=false, handlesAlerts=true, version=96.0.4664.110, browserConnectionEnabled=false, nativeEvents=true, locationContextEnabled=true, cssSelectorsEnabled=true}]
Session ID: 3aa0639093def9da3a0a867e1619c535
*** Element info: {Using=xpath, value=//a[contains(text(),&amp;apos;APIUserUpload_LN2yHQudWur&amp;apos;)]}">
      <![CDATA[org.openqa.selenium.NoSuchElementException: no such element: Unable to locate element: {"method":"xpath","selector":"//a[contains(text(),'APIUserUpload_LN2yHQudWur')]"}
  (Session info: chrome=96.0.4664.110)
  (Driver info: chromedriver=2.36.540470 (e522d04694c7ebea4ba8821272dbef4f9b818c91),platform=Windows NT 6.1.7600 x86_64) (WARNING: The server did not provide any stacktrace information)
Command duration or timeout: 0 milliseconds
For documentation on this error, please visit: http://seleniumhq.org/exceptions/no_such_element.html
Build info: version: '3.6.0', revision: '6fbf3ec767', time: '2017-09-27T15:28:36.4Z'
System info: host: 'VA-WIN7QA-01', ip: '10.10.6.14', os.name: 'Windows 7', os.arch: 'amd64', os.version: '6.1', java.version: '1.8.0_101'
Driver info: org.openqa.selenium.chrome.ChromeDriver
Capabilities [{mobileEmulationEnabled=false, hasTouchScreen=false, platform=XP, acceptSslCerts=false, acceptInsecureCerts=false, webStorageEnabled=true, browserName=chrome, takesScreenshot=true, javascriptEnabled=true, platformName=XP, setWindowRect=true, unexpectedAlertBehaviour=, applicationCacheEnabled=false, rotatable=false, networkConnectionEnabled=false, chrome={chromedriverVersion=2.36.540470 (e522d04694c7ebea4ba8821272dbef4f9b818c91), userDataDir=C:\Users\ARJUN~1.ABH\AppData\Local\Temp\scoped_dir20212_20168}, takesHeapSnapshot=true, pageLoadStrategy=normal, unhandledPromptBehavior=, databaseEnabled=false, handlesAlerts=true, version=96.0.4664.110, browserConnectionEnabled=false, nativeEvents=true, locationContextEnabled=true, cssSelectorsEnabled=true}]
Session ID: 3aa0639093def9da3a0a867e1619c535
*** Element info: {Using=xpath, value=//a[contains(text(),'APIUserUpload_LN2yHQudWur')]}
	at org.openqa.selenium.remote.ErrorHandler.createThrowable(ErrorHandler.java:214)
	at org.openqa.selenium.remote.ErrorHandler.throwIfResponseFailed(ErrorHandler.java:166)
	at org.openqa.selenium.remote.http.JsonHttpResponseCodec.reconstructValue(JsonHttpResponseCodec.java:40)
	at org.openqa.selenium.remote.http.AbstractHttpResponseCodec.decode(AbstractHttpResponseCodec.java:82)
	at org.openqa.selenium.remote.http.AbstractHttpResponseCodec.decode(AbstractHttpResponseCodec.java:45)
	at org.openqa.selenium.remote.HttpCommandExecutor.execute(HttpCommandExecutor.java:164)
	at org.openqa.selenium.remote.service.DriverCommandExecutor.execute(DriverCommandExecutor.java:83)
	at org.openqa.selenium.remote.RemoteWebDriver.execute(RemoteWebDriver.java:586)
	at org.openqa.selenium.remote.RemoteWebDriver.findElement(RemoteWebDriver.java:356)
	at org.openqa.selenium.remote.RemoteWebDriver.findElementByXPath(RemoteWebDriver.java:458)
	at org.openqa.selenium.By$ByXPath.findElement(By.java:361)
	at org.openqa.selenium.remote.RemoteWebDriver.findElement(RemoteWebDriver.java:348)
	at com.vbrick.avenger.funUtil.WebElements.clickusingjavascript(WebElements.java:484)
	at com.vbrick.avenger.pageobjects.AvengerDashboardPage.clickVideo(AvengerDashboardPage.java:320)
	at com.vbrick.avenger.uploadvideoapi_AV_6015_testcases.UploadVideos_AV_6015.TC_41_UploadVideos_Teams_AccountAdmin_onevalidandoneinvalidteam_Positive(UploadVideos_AV_6015.java:2282)
	at java.util.concurrent.ThreadPoolExecutor.runWorker(Unknown Source)
	at java.util.concurrent.ThreadPoolExecutor$Worker.run(Unknown Source)
	at java.lang.Thread.run(Unknown Source)
... Removed 13 stack frames]]>
    </failure>
  </testcase> <!-- TC_41_UploadVideos_Teams_AccountAdmin_onevalidandoneinvalidteam_Positive -->
  <testcase name="TC_09_GET_TeamList_api_check_With_MediaViewer_afterassigningtogroup_Positive" time="323.968" classname="com.vbrick.avenger.videocommentapi_AV_9879_testcases.GetTeamsApi_AV_">
    <failure type="com.vbrick.Exception.ReasonsTimeOutException" message="
Build info: version: &amp;apos;3.6.0&amp;apos;, revision: &amp;apos;6fbf3ec767&amp;apos;, time: &amp;apos;2017-09-27T15:28:36.4Z&amp;apos;

Driver info: driver.version: unknown">
      <![CDATA[
	at com.vbrick.avenger.funUtil.WaitForElements.waitForElementPresent(WaitForElements.java:140)
	at com.vbrick.avenger.pageobjects.AvengerMediaSettingsPage.click_LibrariesLinkLocator(AvengerMediaSettingsPage.java:102)
	at com.vbrick.avenger.videocommentapi_AV_9879_testcases.GetTeamsApi_AV_.TC_09_GET_TeamList_api_check_With_MediaViewer_afterassigningtogroup_Positive(GetTeamsApi_AV_.java:539)
	at java.util.concurrent.ThreadPoolExecutor.runWorker(Unknown Source)
	at java.util.concurrent.ThreadPoolExecutor$Worker.run(Unknown Source)
	at java.lang.Thread.run(Unknown Source)
... Removed 10 stack frames]]>
    </failure>
  </testcase> <!-- TC_09_GET_TeamList_api_check_With_MediaViewer_afterassigningtogroup_Positive -->
  <testcase name="TC_03_GET_CustomField_api_check_With_AccountAdmin_customField_MPT_Positive" time="389.2" classname="com.vbrick.avenger.videocommentapi_AV_9879_testcases.CustomField_Av_11101">
    <failure type="com.vbrick.Exception.ReasonsTimeOutException" message="
Build info: version: &amp;apos;3.6.0&amp;apos;, revision: &amp;apos;6fbf3ec767&amp;apos;, time: &amp;apos;2017-09-27T15:28:36.4Z&amp;apos;

Driver info: driver.version: unknown">
      <![CDATA[
	at com.vbrick.avenger.funUtil.WaitForElements.waitForElementPresent(WaitForElements.java:140)
	at com.vbrick.avenger.funUtil.WebElements.getText(WebElements.java:1012)
	at com.vbrick.avenger.pageobjects.AvengerManageCustomFieldsPage.verify_Label(AvengerManageCustomFieldsPage.java:92)
	at com.vbrick.avenger.videocommentapi_AV_9879_testcases.CustomField_Av_11101.TC_03_GET_CustomField_api_check_With_AccountAdmin_customField_MPT_Positive(CustomField_Av_11101.java:278)
	at java.util.concurrent.ThreadPoolExecutor.runWorker(Unknown Source)
	at java.util.concurrent.ThreadPoolExecutor$Worker.run(Unknown Source)
	at java.lang.Thread.run(Unknown Source)
... Removed 10 stack frames]]>
    </failure>
  </testcase> <!-- TC_03_GET_CustomField_api_check_With_AccountAdmin_customField_MPT_Positive -->
  <testcase name="TC_02_GET_TeamList_api_check_With_MediaAdmin_givingteammembers_groupasteamadmin_Positive" time="127.918" classname="com.vbrick.avenger.videocommentapi_AV_9879_testcases.GetTeamsApi_AV_">
    <failure type="com.vbrick.Exception.Reasons" message="FAIL">
      <![CDATA[com.vbrick.Exception.Reasons: FAIL
	at com.vbrick.Exception.CustomReport.checkinglist(CustomReport.java:390)
	at com.vbrick.avenger.videocommentapi_AV_9879_testcases.GetTeamsApi_AV_.TC_02_GET_TeamList_api_check_With_MediaAdmin_givingteammembers_groupasteamadmin_Positive(GetTeamsApi_AV_.java:272)
	at java.util.concurrent.ThreadPoolExecutor.runWorker(Unknown Source)
	at java.util.concurrent.ThreadPoolExecutor$Worker.run(Unknown Source)
	at java.lang.Thread.run(Unknown Source)
... Removed 10 stack frames]]>
    </failure>
  </testcase> <!-- TC_02_GET_TeamList_api_check_With_MediaAdmin_givingteammembers_groupasteamadmin_Positive -->
  <testcase name="TC_01_GET_GetVideoDetailsAPI_api_check_with_AccountAdmin_withallthefields_Positive" time="324.915" classname="com.vbrick.avenger.videocommentapi_AV_9879_testcases.GetVideoDetails_AV_10175">
    <failure type="com.vbrick.Exception.ReasonsTimeOutException" message="
Build info: version: &amp;apos;3.6.0&amp;apos;, revision: &amp;apos;6fbf3ec767&amp;apos;, time: &amp;apos;2017-09-27T15:28:36.4Z&amp;apos;

Driver info: driver.version: unknown">
      <![CDATA[
	at com.vbrick.avenger.funUtil.WaitForElements.waitForElementPresent(WaitForElements.java:140)
	at com.vbrick.avenger.funUtil.WebElements.getAttribute(WebElements.java:856)
	at com.vbrick.avenger.pageobjects.AvengerEditVideoSettingsPage.verifyEnableCommentsSelected(AvengerEditVideoSettingsPage.java:417)
	at com.vbrick.avenger.videocommentapi_AV_9879_testcases.GetVideoDetails_AV_10175.TC_01_GET_GetVideoDetailsAPI_api_check_with_AccountAdmin_withallthefields_Positive(GetVideoDetails_AV_10175.java:232)
	at java.util.concurrent.ThreadPoolExecutor.runWorker(Unknown Source)
	at java.util.concurrent.ThreadPoolExecutor$Worker.run(Unknown Source)
	at java.lang.Thread.run(Unknown Source)
... Removed 10 stack frames]]>
    </failure>
  </testcase> <!-- TC_01_GET_GetVideoDetailsAPI_api_check_with_AccountAdmin_withallthefields_Positive -->
  <testcase name="TC_02_GET_UserEmail_api_check_UserEmail_with_MediaAdmin_Positive" time="358.42" classname="com.vbrick.avenger.videocommentapi_AV_9879_testcases.UserDetailsWithEmailApi_AV_9873">
    <failure type="com.vbrick.Exception.ReasonsTimeOutException" message="
Build info: version: &amp;apos;3.6.0&amp;apos;, revision: &amp;apos;6fbf3ec767&amp;apos;, time: &amp;apos;2017-09-27T15:28:36.4Z&amp;apos;

Driver info: driver.version: unknown">
      <![CDATA[
	at com.vbrick.avenger.funUtil.WaitForElements.waitForElementPresent(WaitForElements.java:140)
	at com.vbrick.avenger.pageobjects.AvengerHomePage.clickUsersLink(AvengerHomePage.java:487)
	at com.vbrick.avenger.videocommentapi_AV_9879_testcases.UserDetailsWithEmailApi_AV_9873.TC_02_GET_UserEmail_api_check_UserEmail_with_MediaAdmin_Positive(UserDetailsWithEmailApi_AV_9873.java:357)
	at java.util.concurrent.ThreadPoolExecutor.runWorker(Unknown Source)
	at java.util.concurrent.ThreadPoolExecutor$Worker.run(Unknown Source)
	at java.lang.Thread.run(Unknown Source)
... Removed 10 stack frames]]>
    </failure>
  </testcase> <!-- TC_02_GET_UserEmail_api_check_UserEmail_with_MediaAdmin_Positive -->
  <testcase name="TC_29_UploadVideo_Public_MediaContributor_withmandatecustomfieldvalue_Positive" time="387.74" classname="com.vbrick.avenger.uploadvideoapi_AV_6015_testcases.UploadVideos_AV_6015">
    <failure type="com.vbrick.Exception.ReasonsTimeOutException" message="
Build info: version: &amp;apos;3.6.0&amp;apos;, revision: &amp;apos;6fbf3ec767&amp;apos;, time: &amp;apos;2017-09-27T15:28:36.4Z&amp;apos;

Driver info: driver.version: unknown">
      <![CDATA[
	at com.vbrick.avenger.funUtil.WaitForElements.waitForElementPresent(WaitForElements.java:140)
	at com.vbrick.avenger.funUtil.WebElements.getText(WebElements.java:1012)
	at com.vbrick.avenger.pageobjects.AvengerManageCustomFieldsPage.verify_Label(AvengerManageCustomFieldsPage.java:92)
	at com.vbrick.avenger.uploadvideoapi_AV_6015_testcases.UploadVideos_AV_6015.TC_29_UploadVideo_Public_MediaContributor_withmandatecustomfieldvalue_Positive(UploadVideos_AV_6015.java:2316)
	at java.util.concurrent.ThreadPoolExecutor.runWorker(Unknown Source)
	at java.util.concurrent.ThreadPoolExecutor$Worker.run(Unknown Source)
	at java.lang.Thread.run(Unknown Source)
... Removed 10 stack frames]]>
    </failure>
  </testcase> <!-- TC_29_UploadVideo_Public_MediaContributor_withmandatecustomfieldvalue_Positive -->
  <testcase name="TC_08_GET_GetVideosDetailsAPI_api_check_with_MediaAdmin_asteamcontributor_Positive" time="144.528" classname="com.vbrick.avenger.videocommentapi_AV_9879_testcases.GetVideoDetails_AV_10175">
    <failure type="org.openqa.selenium.NoSuchElementException" message="no such element: Unable to locate element: {&amp;quot;method&amp;quot;:&amp;quot;xpath&amp;quot;,&amp;quot;selector&amp;quot;:&amp;quot;//*[contains(@id,&amp;apos;Channels&amp;apos;)]&amp;quot;}
  (Session info: chrome=96.0.4664.110)
  (Driver info: chromedriver=2.36.540470 (e522d04694c7ebea4ba8821272dbef4f9b818c91),platform=Windows NT 6.1.7600 x86_64) (WARNING: The server did not provide any stacktrace information)
Command duration or timeout: 0 milliseconds
For documentation on this error, please visit: http://seleniumhq.org/exceptions/no_such_element.html
Build info: version: &amp;apos;3.6.0&amp;apos;, revision: &amp;apos;6fbf3ec767&amp;apos;, time: &amp;apos;2017-09-27T15:28:36.4Z&amp;apos;
System info: host: &amp;apos;VA-WIN7QA-01&amp;apos;, ip: &amp;apos;10.10.6.14&amp;apos;, os.name: &amp;apos;Windows 7&amp;apos;, os.arch: &amp;apos;amd64&amp;apos;, os.version: &amp;apos;6.1&amp;apos;, java.version: &amp;apos;1.8.0_101&amp;apos;
Driver info: org.openqa.selenium.chrome.ChromeDriver
Capabilities [{mobileEmulationEnabled=false, hasTouchScreen=false, platform=XP, acceptSslCerts=false, acceptInsecureCerts=false, webStorageEnabled=true, browserName=chrome, takesScreenshot=true, javascriptEnabled=true, platformName=XP, setWindowRect=true, unexpectedAlertBehaviour=, applicationCacheEnabled=false, rotatable=false, networkConnectionEnabled=false, chrome={chromedriverVersion=2.36.540470 (e522d04694c7ebea4ba8821272dbef4f9b818c91), userDataDir=C:\Users\ARJUN~1.ABH\AppData\Local\Temp\scoped_dir28956_3607}, takesHeapSnapshot=true, pageLoadStrategy=normal, unhandledPromptBehavior=, databaseEnabled=false, handlesAlerts=true, version=96.0.4664.110, browserConnectionEnabled=false, nativeEvents=true, locationContextEnabled=true, cssSelectorsEnabled=true}]
Session ID: 239094e576622cd7fa40576490edd8ec
*** Element info: {Using=xpath, value=//*[contains(@id,&amp;apos;Channels&amp;apos;)]}">
      <![CDATA[org.openqa.selenium.NoSuchElementException: no such element: Unable to locate element: {"method":"xpath","selector":"//*[contains(@id,'Channels')]"}
  (Session info: chrome=96.0.4664.110)
  (Driver info: chromedriver=2.36.540470 (e522d04694c7ebea4ba8821272dbef4f9b818c91),platform=Windows NT 6.1.7600 x86_64) (WARNING: The server did not provide any stacktrace information)
Command duration or timeout: 0 milliseconds
For documentation on this error, please visit: http://seleniumhq.org/exceptions/no_such_element.html
Build info: version: '3.6.0', revision: '6fbf3ec767', time: '2017-09-27T15:28:36.4Z'
System info: host: 'VA-WIN7QA-01', ip: '10.10.6.14', os.name: 'Windows 7', os.arch: 'amd64', os.version: '6.1', java.version: '1.8.0_101'
Driver info: org.openqa.selenium.chrome.ChromeDriver
Capabilities [{mobileEmulationEnabled=false, hasTouchScreen=false, platform=XP, acceptSslCerts=false, acceptInsecureCerts=false, webStorageEnabled=true, browserName=chrome, takesScreenshot=true, javascriptEnabled=true, platformName=XP, setWindowRect=true, unexpectedAlertBehaviour=, applicationCacheEnabled=false, rotatable=false, networkConnectionEnabled=false, chrome={chromedriverVersion=2.36.540470 (e522d04694c7ebea4ba8821272dbef4f9b818c91), userDataDir=C:\Users\ARJUN~1.ABH\AppData\Local\Temp\scoped_dir28956_3607}, takesHeapSnapshot=true, pageLoadStrategy=normal, unhandledPromptBehavior=, databaseEnabled=false, handlesAlerts=true, version=96.0.4664.110, browserConnectionEnabled=false, nativeEvents=true, locationContextEnabled=true, cssSelectorsEnabled=true}]
Session ID: 239094e576622cd7fa40576490edd8ec
*** Element info: {Using=xpath, value=//*[contains(@id,'Channels')]}
	at org.openqa.selenium.remote.ErrorHandler.createThrowable(ErrorHandler.java:214)
	at org.openqa.selenium.remote.ErrorHandler.throwIfResponseFailed(ErrorHandler.java:166)
	at org.openqa.selenium.remote.http.JsonHttpResponseCodec.reconstructValue(JsonHttpResponseCodec.java:40)
	at org.openqa.selenium.remote.http.AbstractHttpResponseCodec.decode(AbstractHttpResponseCodec.java:82)
	at org.openqa.selenium.remote.http.AbstractHttpResponseCodec.decode(AbstractHttpResponseCodec.java:45)
	at org.openqa.selenium.remote.HttpCommandExecutor.execute(HttpCommandExecutor.java:164)
	at org.openqa.selenium.remote.service.DriverCommandExecutor.execute(DriverCommandExecutor.java:83)
	at org.openqa.selenium.remote.RemoteWebDriver.execute(RemoteWebDriver.java:586)
	at org.openqa.selenium.remote.RemoteWebDriver.findElement(RemoteWebDriver.java:356)
	at org.openqa.selenium.remote.RemoteWebDriver.findElementByXPath(RemoteWebDriver.java:458)
	at org.openqa.selenium.By$ByXPath.findElement(By.java:361)
	at org.openqa.selenium.remote.RemoteWebDriver.findElement(RemoteWebDriver.java:348)
	at com.vbrick.avenger.funUtil.WebElements.isSelected(WebElements.java:1027)
	at com.vbrick.avenger.pageobjects.AvengerEditVideoSettingsPage.verify_accessControls(AvengerEditVideoSettingsPage.java:592)
	at com.vbrick.avenger.videocommentapi_AV_9879_testcases.GetVideoDetails_AV_10175.TC_08_GET_GetVideosDetailsAPI_api_check_with_MediaAdmin_asteamcontributor_Positive(GetVideoDetails_AV_10175.java:743)
	at java.util.concurrent.ThreadPoolExecutor.runWorker(Unknown Source)
	at java.util.concurrent.ThreadPoolExecutor$Worker.run(Unknown Source)
	at java.lang.Thread.run(Unknown Source)
... Removed 13 stack frames]]>
    </failure>
  </testcase> <!-- TC_08_GET_GetVideosDetailsAPI_api_check_with_MediaAdmin_asteamcontributor_Positive -->
  <testcase name="TC_09_GET_GetTeamsVideoDetails_Teams_API_check_without_givingauthorizationtoken_Negative" time="0.611" classname="com.vbrick.avenger.videocommentapi_AV_9879_testcases.GetVideoDetails_AV_10175">
    <failure type="java.lang.AssertionError" message="expected [HTTP StatusCode :401] but found [HTTP StatusCode :400]">
      <![CDATA[java.lang.AssertionError: expected [HTTP StatusCode :401] but found [HTTP StatusCode :400]
	at com.vbricks.avenger.api.verifications.AssertionAPIResponse.verifyAssert_httpCode(AssertionAPIResponse.java:15)
	at com.vbrick.avenger.videocommentapi_AV_9879_testcases.GetVideoDetails_AV_10175.TC_09_GET_GetTeamsVideoDetails_Teams_API_check_without_givingauthorizationtoken_Negative(GetVideoDetails_AV_10175.java:796)
	at java.util.concurrent.ThreadPoolExecutor.runWorker(Unknown Source)
	at java.util.concurrent.ThreadPoolExecutor$Worker.run(Unknown Source)
	at java.lang.Thread.run(Unknown Source)
... Removed 15 stack frames]]>
    </failure>
  </testcase> <!-- TC_09_GET_GetTeamsVideoDetails_Teams_API_check_without_givingauthorizationtoken_Negative -->
  <testcase name="TC_05_GET_CustomField_api_check_With_AccountAdmin_customField_NMPP_Positive" time="388.623" classname="com.vbrick.avenger.videocommentapi_AV_9879_testcases.CustomField_Av_11101">
    <failure type="com.vbrick.Exception.ReasonsTimeOutException" message="
Build info: version: &amp;apos;3.6.0&amp;apos;, revision: &amp;apos;6fbf3ec767&amp;apos;, time: &amp;apos;2017-09-27T15:28:36.4Z&amp;apos;

Driver info: driver.version: unknown">
      <![CDATA[
	at com.vbrick.avenger.funUtil.WaitForElements.waitForElementPresent(WaitForElements.java:140)
	at com.vbrick.avenger.funUtil.WebElements.getText(WebElements.java:1012)
	at com.vbrick.avenger.pageobjects.AvengerManageCustomFieldsPage.verify_Label(AvengerManageCustomFieldsPage.java:92)
	at com.vbrick.avenger.videocommentapi_AV_9879_testcases.CustomField_Av_11101.TC_05_GET_CustomField_api_check_With_AccountAdmin_customField_NMPP_Positive(CustomField_Av_11101.java:432)
	at java.util.concurrent.ThreadPoolExecutor.runWorker(Unknown Source)
	at java.util.concurrent.ThreadPoolExecutor$Worker.run(Unknown Source)
	at java.lang.Thread.run(Unknown Source)
... Removed 10 stack frames]]>
    </failure>
  </testcase> <!-- TC_05_GET_CustomField_api_check_With_AccountAdmin_customField_NMPP_Positive -->
  <testcase name="TC_02_GET_UserDetail_api_check_UserDetail_with_MediaAdmin_Positive" time="359.531" classname="com.vbrick.avenger.videocommentapi_AV_9879_testcases.UserDetailsWithUserIDApi_AV_9873">
    <failure type="com.vbrick.Exception.ReasonsTimeOutException" message="
Build info: version: &amp;apos;3.6.0&amp;apos;, revision: &amp;apos;6fbf3ec767&amp;apos;, time: &amp;apos;2017-09-27T15:28:36.4Z&amp;apos;

Driver info: driver.version: unknown">
      <![CDATA[
	at com.vbrick.avenger.funUtil.WaitForElements.waitForElementPresent(WaitForElements.java:140)
	at com.vbrick.avenger.pageobjects.AvengerHomePage.clickUsersLink(AvengerHomePage.java:487)
	at com.vbrick.avenger.videocommentapi_AV_9879_testcases.UserDetailsWithUserIDApi_AV_9873.TC_02_GET_UserDetail_api_check_UserDetail_with_MediaAdmin_Positive(UserDetailsWithUserIDApi_AV_9873.java:265)
	at java.util.concurrent.ThreadPoolExecutor.runWorker(Unknown Source)
	at java.util.concurrent.ThreadPoolExecutor$Worker.run(Unknown Source)
	at java.lang.Thread.run(Unknown Source)
... Removed 10 stack frames]]>
    </failure>
  </testcase> <!-- TC_02_GET_UserDetail_api_check_UserDetail_with_MediaAdmin_Positive -->
  <testcase name="TC_05_GET_GetTeamsVideoDetailsAPI_api_check_with_MediaContributor_Negative" time="1.16" classname="com.vbrick.avenger.videocommentapi_AV_9879_testcases.GetVideoDetails_AV_10175">
    <failure type="java.lang.AssertionError" message="expected [401] but found [200]">
      <![CDATA[java.lang.AssertionError: expected [401] but found [200]
	at com.vbricks.avenger.api.verifications.AssertionAPIResponse.verifyAssert_httpCode(AssertionAPIResponse.java:15)
	at com.vbrick.avenger.videocommentapi_AV_9879_testcases.GetVideoDetails_AV_10175.TC_05_GET_GetTeamsVideoDetailsAPI_api_check_with_MediaContributor_Negative(GetVideoDetails_AV_10175.java:511)
	at java.util.concurrent.ThreadPoolExecutor.runWorker(Unknown Source)
	at java.util.concurrent.ThreadPoolExecutor$Worker.run(Unknown Source)
	at java.lang.Thread.run(Unknown Source)
... Removed 15 stack frames]]>
    </failure>
  </testcase> <!-- TC_05_GET_GetTeamsVideoDetailsAPI_api_check_with_MediaContributor_Negative -->
  <testcase name="TC_01_GET_VideoList_Api_Account_Count_Check" time="323.733" classname="com.vbrick.avenger_accountcountcheck.GetVideoListCountCheck">
    <failure type="com.vbrick.Exception.ReasonsTimeOutException" message="
Build info: version: &amp;apos;3.6.0&amp;apos;, revision: &amp;apos;6fbf3ec767&amp;apos;, time: &amp;apos;2017-09-27T15:28:36.4Z&amp;apos;

Driver info: driver.version: unknown">
      <![CDATA[
	at com.vbrick.avenger.funUtil.WaitForElements.waitForElementPresent(WaitForElements.java:140)
	at com.vbrick.avenger.funUtil.WebElements.click(WebElements.java:342)
	at com.vbrick.avenger.pageobjects.AvengerVideoBulkEditPage.clickBulkEditDeleteOption(AvengerVideoBulkEditPage.java:109)
	at com.vbrick.avenger_accountcountcheck.GetVideoListCountCheck.TC_01_GET_VideoList_Api_Account_Count_Check(GetVideoListCountCheck.java:157)
	at java.util.concurrent.ThreadPoolExecutor.runWorker(Unknown Source)
	at java.util.concurrent.ThreadPoolExecutor$Worker.run(Unknown Source)
	at java.lang.Thread.run(Unknown Source)
... Removed 10 stack frames]]>
    </failure>
  </testcase> <!-- TC_01_GET_VideoList_Api_Account_Count_Check -->
  <testcase name="TC_10_UploadVideo_AccountAdmin_checkingcategorywithname_categoryexistsinrev_Positive" time="262.046" classname="com.vbrick.avenger.uploadvideoapi_AV_6015_testcases.UploadVideos_AV_6015">
    <failure type="com.vbrick.Exception.ReasonsTimeOutException" message="
Build info: version: &amp;apos;3.6.0&amp;apos;, revision: &amp;apos;6fbf3ec767&amp;apos;, time: &amp;apos;2017-09-27T15:28:36.4Z&amp;apos;

Driver info: driver.version: unknown">
      <![CDATA[
	at com.vbrick.avenger.funUtil.WaitForElements.waitForElementPresent(WaitForElements.java:140)
	at com.vbrick.avenger.funUtil.WebElements.getText(WebElements.java:1012)
	at com.vbrick.avenger.pageobjects.AvengerVideoCommentsPage.verifycategory(AvengerVideoCommentsPage.java:908)
	at com.vbrick.avenger.uploadvideoapi_AV_6015_testcases.UploadVideos_AV_6015.TC_10_UploadVideo_AccountAdmin_checkingcategorywithname_categoryexistsinrev_Positive(UploadVideos_AV_6015.java:642)
	at java.util.concurrent.ThreadPoolExecutor.runWorker(Unknown Source)
	at java.util.concurrent.ThreadPoolExecutor$Worker.run(Unknown Source)
	at java.lang.Thread.run(Unknown Source)
... Removed 10 stack frames]]>
    </failure>
  </testcase> <!-- TC_10_UploadVideo_AccountAdmin_checkingcategorywithname_categoryexistsinrev_Positive -->
  <testcase name="TC_02_VideoAccessControl_AV10176_api_AccessControl_To_MediaAdmin" time="34.415" classname="com.vbrick.avenger.uploadvideoapi_AV_6015_testcases.VideoAccessControlService_AV_10176">
    <failure type="com.vbrick.Exception.Reasons" message="FAIL">
      <![CDATA[com.vbrick.Exception.Reasons: FAIL
	at com.vbrick.Exception.CustomReport.checkinglist(CustomReport.java:390)
	at com.vbrick.avenger.uploadvideoapi_AV_6015_testcases.VideoAccessControlService_AV_10176.TC_02_VideoAccessControl_AV10176_api_AccessControl_To_MediaAdmin(VideoAccessControlService_AV_10176.java:198)
	at java.util.concurrent.ThreadPoolExecutor.runWorker(Unknown Source)
	at java.util.concurrent.ThreadPoolExecutor$Worker.run(Unknown Source)
	at java.lang.Thread.run(Unknown Source)
... Removed 10 stack frames]]>
    </failure>
  </testcase> <!-- TC_02_VideoAccessControl_AV10176_api_AccessControl_To_MediaAdmin -->
  <testcase name="TC_02_GET_GetPublicVideoDetailsAPI_api_check_with_MediaAdmin_Positive" time="300.846" classname="com.vbrick.avenger.videocommentapi_AV_9879_testcases.GetVideoDetails_AV_10175">
    <failure type="com.vbrick.Exception.ReasonsTimeOutException" message="
Build info: version: &amp;apos;3.6.0&amp;apos;, revision: &amp;apos;6fbf3ec767&amp;apos;, time: &amp;apos;2017-09-27T15:28:36.4Z&amp;apos;

Driver info: driver.version: unknown">
      <![CDATA[
	at com.vbrick.avenger.funUtil.WaitForElements.waitForElementPresent(WaitForElements.java:140)
	at com.vbrick.avenger.funUtil.WebElements.getAttribute(WebElements.java:856)
	at com.vbrick.avenger.pageobjects.AvengerEditVideoSettingsPage.verifyEnableCommentsSelected(AvengerEditVideoSettingsPage.java:417)
	at com.vbrick.avenger.videocommentapi_AV_9879_testcases.GetVideoDetails_AV_10175.TC_02_GET_GetPublicVideoDetailsAPI_api_check_with_MediaAdmin_Positive(GetVideoDetails_AV_10175.java:309)
	at java.util.concurrent.ThreadPoolExecutor.runWorker(Unknown Source)
	at java.util.concurrent.ThreadPoolExecutor$Worker.run(Unknown Source)
	at java.lang.Thread.run(Unknown Source)
... Removed 10 stack frames]]>
    </failure>
  </testcase> <!-- TC_02_GET_GetPublicVideoDetailsAPI_api_check_with_MediaAdmin_Positive -->
  <testcase name="TC_01_GET_GetVideosPendingforApproval_api_check_With_AccountAdmin_And_EventAdmin_Positive" time="138.743" classname="com.vbrick.avenger.videocommentapi_AV_9879_testcases.GetVideosPendingforApproval">
    <failure type="com.vbrick.Exception.Reasons" message="FAIL">
      <![CDATA[com.vbrick.Exception.Reasons: FAIL
	at com.vbrick.Exception.CustomReport.checkinglist(CustomReport.java:390)
	at com.vbrick.avenger.videocommentapi_AV_9879_testcases.GetVideosPendingforApproval.TC_01_GET_GetVideosPendingforApproval_api_check_With_AccountAdmin_And_EventAdmin_Positive(GetVideosPendingforApproval.java:222)
	at java.util.concurrent.ThreadPoolExecutor.runWorker(Unknown Source)
	at java.util.concurrent.ThreadPoolExecutor$Worker.run(Unknown Source)
	at java.lang.Thread.run(Unknown Source)
... Removed 10 stack frames]]>
    </failure>
  </testcase> <!-- TC_01_GET_GetVideosPendingforApproval_api_check_With_AccountAdmin_And_EventAdmin_Positive -->
  <testcase name="TC_07_GET_UserDetail_api_check_UserDetail_with_Eventhost_Positive" time="502.36" classname="com.vbrick.avenger.videocommentapi_AV_9879_testcases.UserDetailsWithUserIDApi_AV_9873">
    <failure type="com.vbrick.Exception.ReasonsTimeOutException" message="
Build info: version: &amp;apos;3.6.0&amp;apos;, revision: &amp;apos;6fbf3ec767&amp;apos;, time: &amp;apos;2017-09-27T15:28:36.4Z&amp;apos;

Driver info: driver.version: unknown">
      <![CDATA[
	at com.vbrick.avenger.funUtil.WaitForElements.waitForElementPresent(WaitForElements.java:140)
	at com.vbrick.avenger.pageobjects.AvengerHomePage.clickUsersLink(AvengerHomePage.java:487)
	at com.vbrick.avenger.videocommentapi_AV_9879_testcases.UserDetailsWithUserIDApi_AV_9873.delete_assignedGroupsForUser(UserDetailsWithUserIDApi_AV_9873.java:691)
	at com.vbrick.avenger.videocommentapi_AV_9879_testcases.UserDetailsWithUserIDApi_AV_9873.TC_07_GET_UserDetail_api_check_UserDetail_with_Eventhost_Positive(UserDetailsWithUserIDApi_AV_9873.java:555)
	at java.util.concurrent.ThreadPoolExecutor.runWorker(Unknown Source)
	at java.util.concurrent.ThreadPoolExecutor$Worker.run(Unknown Source)
	at java.lang.Thread.run(Unknown Source)
... Removed 10 stack frames]]>
    </failure>
  </testcase> <!-- TC_07_GET_UserDetail_api_check_UserDetail_with_Eventhost_Positive -->
  <testcase name="TC_02_GET_GetVideosPendingforApproval_api_check_With_MediaAdmin_And_MediaContributor_Positive" time="138.183" classname="com.vbrick.avenger.videocommentapi_AV_9879_testcases.GetVideosPendingforApproval">
    <failure type="com.vbrick.Exception.Reasons" message="FAIL">
      <![CDATA[com.vbrick.Exception.Reasons: FAIL
	at com.vbrick.Exception.CustomReport.checkinglist(CustomReport.java:390)
	at com.vbrick.avenger.videocommentapi_AV_9879_testcases.GetVideosPendingforApproval.TC_02_GET_GetVideosPendingforApproval_api_check_With_MediaAdmin_And_MediaContributor_Positive(GetVideosPendingforApproval.java:308)
	at java.util.concurrent.ThreadPoolExecutor.runWorker(Unknown Source)
	at java.util.concurrent.ThreadPoolExecutor$Worker.run(Unknown Source)
	at java.lang.Thread.run(Unknown Source)
... Removed 10 stack frames]]>
    </failure>
  </testcase> <!-- TC_02_GET_GetVideosPendingforApproval_api_check_With_MediaAdmin_And_MediaContributor_Positive -->
  <testcase name="TC_01_GET_CustomField_api_check_With_AccountAdmin_defaultCustomField_Positive" time="623.698" classname="com.vbrick.avenger.videocommentapi_AV_9879_testcases.CustomField_Av_11101">
    <failure type="com.vbrick.Exception.ReasonsTimeOutException" message="
Build info: version: &amp;apos;3.6.0&amp;apos;, revision: &amp;apos;6fbf3ec767&amp;apos;, time: &amp;apos;2017-09-27T15:28:36.4Z&amp;apos;

Driver info: driver.version: unknown">
      <![CDATA[
	at com.vbrick.avenger.funUtil.WaitForElements.waitForElementPresent(WaitForElements.java:140)
	at com.vbrick.avenger.funUtil.WebElements.getText(WebElements.java:1012)
	at com.vbrick.avenger.pageobjects.AvengerManageCustomFieldsPage.verify_Label(AvengerManageCustomFieldsPage.java:92)
	at com.vbrick.avenger.videocommentapi_AV_9879_testcases.CustomField_Av_11101.TC_01_GET_CustomField_api_check_With_AccountAdmin_defaultCustomField_Positive(CustomField_Av_11101.java:146)
	at java.util.concurrent.ThreadPoolExecutor.runWorker(Unknown Source)
	at java.util.concurrent.ThreadPoolExecutor$Worker.run(Unknown Source)
	at java.lang.Thread.run(Unknown Source)
... Removed 10 stack frames]]>
    </failure>
  </testcase> <!-- TC_01_GET_CustomField_api_check_With_AccountAdmin_defaultCustomField_Positive -->
  <testcase name="TC_03_GET_GetAllUsers_VideosDetailsAPI_api_check_with_MediaContributor_Positive" time="271.573" classname="com.vbrick.avenger.videocommentapi_AV_9879_testcases.GetVideoDetails_AV_10175">
    <failure type="com.vbrick.Exception.ReasonsTimeOutException" message="
Build info: version: &amp;apos;3.6.0&amp;apos;, revision: &amp;apos;6fbf3ec767&amp;apos;, time: &amp;apos;2017-09-27T15:28:36.4Z&amp;apos;

Driver info: driver.version: unknown">
      <![CDATA[
	at com.vbrick.avenger.funUtil.WaitForElements.waitForElementPresent(WaitForElements.java:140)
	at com.vbrick.avenger.funUtil.WebElements.getText(WebElements.java:1012)
	at com.vbrick.avenger.pageobjects.AvengerVideoCommentsPage.videodetails(AvengerVideoCommentsPage.java:1399)
	at com.vbrick.avenger.videocommentapi_AV_9879_testcases.GetVideoDetails_AV_10175.TC_03_GET_GetAllUsers_VideosDetailsAPI_api_check_with_MediaContributor_Positive(GetVideoDetails_AV_10175.java:370)
	at java.util.concurrent.ThreadPoolExecutor.runWorker(Unknown Source)
	at java.util.concurrent.ThreadPoolExecutor$Worker.run(Unknown Source)
	at java.lang.Thread.run(Unknown Source)
... Removed 10 stack frames]]>
    </failure>
  </testcase> <!-- TC_03_GET_GetAllUsers_VideosDetailsAPI_api_check_with_MediaContributor_Positive -->
  <testcase name="TC_03_GET_GetVideosCommentsAPI_api_check_with_EventAdmins_Positive" time="1.212" classname="com.vbrick.avenger.videocommentapi_AV_9879_testcases.GetVideosComments_AV_10649">
    <failure type="java.lang.AssertionError" message="expected [200OK] but found [401null]">
      <![CDATA[java.lang.AssertionError: expected [200OK] but found [401null]
	at com.vbricks.avenger.api.verifications.AssertionAPIResponse.verifyAssert_httpCode(AssertionAPIResponse.java:15)
	at com.vbrick.avenger.videocommentapi_AV_9879_testcases.GetVideosComments_AV_10649.TC_03_GET_GetVideosCommentsAPI_api_check_with_EventAdmins_Positive(GetVideosComments_AV_10649.java:270)
	at java.util.concurrent.ThreadPoolExecutor.runWorker(Unknown Source)
	at java.util.concurrent.ThreadPoolExecutor$Worker.run(Unknown Source)
	at java.lang.Thread.run(Unknown Source)
... Removed 15 stack frames]]>
    </failure>
  </testcase> <!-- TC_03_GET_GetVideosCommentsAPI_api_check_with_EventAdmins_Positive -->
  <testcase name="TC_30_UploadVideo_Public_MediaAdmin_withnonmandatecustomfieldvalue_Positive" time="624.859" classname="com.vbrick.avenger.uploadvideoapi_AV_6015_testcases.UploadVideos_AV_6015">
    <failure type="com.vbrick.Exception.ReasonsTimeOutException" message="
Build info: version: &amp;apos;3.6.0&amp;apos;, revision: &amp;apos;6fbf3ec767&amp;apos;, time: &amp;apos;2017-09-27T15:28:36.4Z&amp;apos;

Driver info: driver.version: unknown">
      <![CDATA[
	at com.vbrick.avenger.funUtil.WaitForElements.waitForElementPresent(WaitForElements.java:140)
	at com.vbrick.avenger.funUtil.WebElements.getText(WebElements.java:1012)
	at com.vbrick.avenger.pageobjects.AvengerManageCustomFieldsPage.verify_Label(AvengerManageCustomFieldsPage.java:92)
	at com.vbrick.avenger.uploadvideoapi_AV_6015_testcases.UploadVideos_AV_6015.TC_30_UploadVideo_Public_MediaAdmin_withnonmandatecustomfieldvalue_Positive(UploadVideos_AV_6015.java:1639)
	at java.util.concurrent.ThreadPoolExecutor.runWorker(Unknown Source)
	at java.util.concurrent.ThreadPoolExecutor$Worker.run(Unknown Source)
	at java.lang.Thread.run(Unknown Source)
... Removed 10 stack frames]]>
    </failure>
  </testcase> <!-- TC_30_UploadVideo_Public_MediaAdmin_withnonmandatecustomfieldvalue_Positive -->
  <testcase name="TC_01_GET_EventDetail_api_check_With_AccountAdmin_Positive" time="330.421" classname="com.vbrick.avenger.videocommentapi_AV_9879_testcases.GetWebcastQandAReport_AV26267"/>
  <testcase name="TC_05_GET_UserDetail_api_check_UserDetail_with_MediaViewer_Positive" time="610.006" classname="com.vbrick.avenger.videocommentapi_AV_9879_testcases.UserDetailsWithUserIDApi_AV_9873">
    <failure type="com.vbrick.Exception.ReasonsTimeOutException" message="
Build info: version: &amp;apos;3.6.0&amp;apos;, revision: &amp;apos;6fbf3ec767&amp;apos;, time: &amp;apos;2017-09-27T15:28:36.4Z&amp;apos;

Driver info: driver.version: unknown">
      <![CDATA[
	at com.vbrick.avenger.funUtil.WaitForElements.waitForElementPresent(WaitForElements.java:140)
	at com.vbrick.avenger.pageobjects.AvengerHomePage.clickUsersLink(AvengerHomePage.java:487)
	at com.vbrick.avenger.videocommentapi_AV_9879_testcases.UserDetailsWithUserIDApi_AV_9873.TC_05_GET_UserDetail_api_check_UserDetail_with_MediaViewer_Positive(UserDetailsWithUserIDApi_AV_9873.java:491)
	at java.util.concurrent.ThreadPoolExecutor.runWorker(Unknown Source)
	at java.util.concurrent.ThreadPoolExecutor$Worker.run(Unknown Source)
	at java.lang.Thread.run(Unknown Source)
... Removed 10 stack frames]]>
    </failure>
  </testcase> <!-- TC_05_GET_UserDetail_api_check_UserDetail_with_MediaViewer_Positive -->
  <testcase name="TC_03_GET_GetVideosPendingforApproval_api_check_With_AccountAdmin_And_MediaViewer_Positive" time="617.781" classname="com.vbrick.avenger.videocommentapi_AV_9879_testcases.GetVideosPendingforApproval">
    <failure type="com.vbrick.Exception.ReasonsTimeOutException" message="
Build info: version: &amp;apos;3.6.0&amp;apos;, revision: &amp;apos;6fbf3ec767&amp;apos;, time: &amp;apos;2017-09-27T15:28:36.4Z&amp;apos;

Driver info: driver.version: unknown">
      <![CDATA[
	at com.vbrick.avenger.funUtil.WaitForElements.waitForElementPresent(WaitForElements.java:140)
	at com.vbrick.avenger.funUtil.WebElements.click(WebElements.java:342)
	at com.vbrick.avenger.pageobjects.AvengerMediaPage.click_AllVideos(AvengerMediaPage.java:227)
	at com.vbrick.avenger.videocommentapi_AV_9879_testcases.GetVideosPendingforApproval.TC_03_GET_GetVideosPendingforApproval_api_check_With_AccountAdmin_And_MediaViewer_Positive(GetVideosPendingforApproval.java:384)
	at java.util.concurrent.ThreadPoolExecutor.runWorker(Unknown Source)
	at java.util.concurrent.ThreadPoolExecutor$Worker.run(Unknown Source)
	at java.lang.Thread.run(Unknown Source)
... Removed 10 stack frames]]>
    </failure>
  </testcase> <!-- TC_03_GET_GetVideosPendingforApproval_api_check_With_AccountAdmin_And_MediaViewer_Positive -->
  <testcase name="TC_04_GET_UserName_api_check_UserName_with_Eventadmin_Positive" time="471.952" classname="com.vbrick.avenger.videocommentapi_AV_9879_testcases.UserDetailsWithUserNameApi_AV_9873">
    <failure type="com.vbrick.Exception.ReasonsTimeOutException" message="
Build info: version: &amp;apos;3.6.0&amp;apos;, revision: &amp;apos;6fbf3ec767&amp;apos;, time: &amp;apos;2017-09-27T15:28:36.4Z&amp;apos;

Driver info: driver.version: unknown">
      <![CDATA[
	at com.vbrick.avenger.funUtil.WaitForElements.waitForElementPresent(WaitForElements.java:140)
	at com.vbrick.avenger.pageobjects.AvengerHomePage.clickUsersLink(AvengerHomePage.java:487)
	at com.vbrick.avenger.videocommentapi_AV_9879_testcases.UserDetailsWithUserNameApi_AV_9873.delete_assignedGroupsForUser(UserDetailsWithUserNameApi_AV_9873.java:659)
	at com.vbrick.avenger.videocommentapi_AV_9879_testcases.UserDetailsWithUserNameApi_AV_9873.TC_04_GET_UserName_api_check_UserName_with_Eventadmin_Positive(UserDetailsWithUserNameApi_AV_9873.java:300)
	at java.util.concurrent.ThreadPoolExecutor.runWorker(Unknown Source)
	at java.util.concurrent.ThreadPoolExecutor$Worker.run(Unknown Source)
	at java.lang.Thread.run(Unknown Source)
... Removed 10 stack frames]]>
    </failure>
  </testcase> <!-- TC_04_GET_UserName_api_check_UserName_with_Eventadmin_Positive -->
  <testcase name="TC_12_POST_CreateEvent_Public_with_AccountAdmin_bygivingshortcutname_whichisalreadyinuse_Negative" time="763.327" classname="com.vbrick.avenger.videocommentapi_AV_9879_testcases.CreateEventApi_Av_9877">
    <failure type="com.vbrick.Exception.ReasonsTimeOutException" message="
Build info: version: &amp;apos;3.6.0&amp;apos;, revision: &amp;apos;6fbf3ec767&amp;apos;, time: &amp;apos;2017-09-27T15:28:36.4Z&amp;apos;

Driver info: driver.version: unknown">
      <![CDATA[
	at com.vbrick.avenger.funUtil.WaitForElements.waitForElementPresent(WaitForElements.java:140)
	at com.vbrick.avenger.funUtil.WebElements.click(WebElements.java:342)
	at com.vbrick.avenger.pageobjects.AvengerHomePage.clickAllDevicesLink(AvengerHomePage.java:891)
	at com.vbrick.avenger.videocommentapi_AV_9879_testcases.CreateEventApi_Av_9877.create_presentationProfileUI(CreateEventApi_Av_9877.java:1612)
	at com.vbrick.avenger.videocommentapi_AV_9879_testcases.CreateEventApi_Av_9877.TC_12_POST_CreateEvent_Public_with_AccountAdmin_bygivingshortcutname_whichisalreadyinuse_Negative(CreateEventApi_Av_9877.java:832)
	at java.util.concurrent.ThreadPoolExecutor.runWorker(Unknown Source)
	at java.util.concurrent.ThreadPoolExecutor$Worker.run(Unknown Source)
	at java.lang.Thread.run(Unknown Source)
... Removed 10 stack frames]]>
    </failure>
  </testcase> <!-- TC_12_POST_CreateEvent_Public_with_AccountAdmin_bygivingshortcutname_whichisalreadyinuse_Negative -->
  <testcase name="TC_07_GET_UserName_api_check_UserName_with_Eventhost_Positive" time="120.627" classname="com.vbrick.avenger.videocommentapi_AV_9879_testcases.UserDetailsWithUserNameApi_AV_9873">
    <failure type="com.vbrick.Exception.Reasons" message="FAIL">
      <![CDATA[com.vbrick.Exception.Reasons: FAIL
	at com.vbrick.Exception.CustomReport.checkinglist(CustomReport.java:390)
	at com.vbrick.avenger.videocommentapi_AV_9879_testcases.UserDetailsWithUserNameApi_AV_9873.TC_07_GET_UserName_api_check_UserName_with_Eventhost_Positive(UserDetailsWithUserNameApi_AV_9873.java:589)
	at java.util.concurrent.ThreadPoolExecutor.runWorker(Unknown Source)
	at java.util.concurrent.ThreadPoolExecutor$Worker.run(Unknown Source)
	at java.lang.Thread.run(Unknown Source)
... Removed 10 stack frames]]>
    </failure>
  </testcase> <!-- TC_07_GET_UserName_api_check_UserName_with_Eventhost_Positive -->
  <testcase name="TC_01_POST_CreateEvent_withonly_mandatoryfields_Public_withmultipleeventhost_AccoutAdmin_Positive" time="270.206" classname="com.vbrick.avenger.videocommentapi_AV_9879_testcases.CreateEventApi_Av_9877">
    <failure type="com.vbrick.Exception.Reasons" message="FAIL">
      <![CDATA[com.vbrick.Exception.Reasons: FAIL
	at com.vbrick.Exception.CustomReport.checkinglist(CustomReport.java:390)
	at com.vbrick.avenger.videocommentapi_AV_9879_testcases.CreateEventApi_Av_9877.TC_01_POST_CreateEvent_withonly_mandatoryfields_Public_withmultipleeventhost_AccoutAdmin_Positive(CreateEventApi_Av_9877.java:212)
	at java.util.concurrent.ThreadPoolExecutor.runWorker(Unknown Source)
	at java.util.concurrent.ThreadPoolExecutor$Worker.run(Unknown Source)
	at java.lang.Thread.run(Unknown Source)
... Removed 10 stack frames]]>
    </failure>
  </testcase> <!-- TC_01_POST_CreateEvent_withonly_mandatoryfields_Public_withmultipleeventhost_AccoutAdmin_Positive -->
  <testcase name="TC_13_POST_CreateEvent_withmediaadmin_AllUsers_withallthefieldsexceptforrpreprod_Unlisted_Positive" time="247.787" classname="com.vbrick.avenger.videocommentapi_AV_9879_testcases.CreateEventApi_Av_9877"/>
</testsuite> <!-- API TestSuites...(failed)(failed)(failed)(failed)(failed) -->
