<?xml version="1.0" encoding="UTF-8"?>
<testsuite name="API TestSuites..."
           tests="61"
           failures="1"
           errors="0"
           skipped="41"
           time="849.701">
  <properties />
            <testcase name="setUP" time="20.034" classname="com.vbrick.apiusercreation.MediaAdmin_UserCreation_API_1_40">
                <failure type="org.openqa.selenium.WebDriverException"
                  message="Timed out waiting for driver server to start.
Build info: version: &apos;3.6.0&apos;, revision: &apos;6fbf3ec767&apos;, time: &apos;2017-09-27T15:28:36.4Z&apos;
System info: host: &apos;IN-GUDAFWRS&apos;, ip: &apos;192.168.29.139&apos;, os.name: &apos;Windows 10&apos;, os.arch: &apos;amd64&apos;, os.version: &apos;10.0&apos;, java.version: &apos;18.0.2.1&apos;
Driver info: driver.version: ChromeDriver"
              >
<![CDATA[org.openqa.selenium.WebDriverException: Timed out waiting for driver server to start.
Build info: version: '3.6.0', revision: '6fbf3ec767', time: '2017-09-27T15:28:36.4Z'
System info: host: 'IN-GUDAFWRS', ip: '192.168.29.139', os.name: 'Windows 10', os.arch: 'amd64', os.version: '10.0', java.version: '18.0.2.1'
Driver info: driver.version: ChromeDriver
  org.openqa.selenium.remote.service.DriverService.waitUntilAvailable(DriverService.java:192)
  org.openqa.selenium.remote.service.DriverService.start(DriverService.java:178)
  org.openqa.selenium.remote.service.DriverCommandExecutor.execute(DriverCommandExecutor.java:79)
  org.openqa.selenium.remote.RemoteWebDriver.execute(RemoteWebDriver.java:586)
  org.openqa.selenium.remote.RemoteWebDriver.startSession(RemoteWebDriver.java:217)
  org.openqa.selenium.remote.RemoteWebDriver.<init>(RemoteWebDriver.java:140)
  org.openqa.selenium.chrome.ChromeDriver.<init>(ChromeDriver.java:174)
  org.openqa.selenium.chrome.ChromeDriver.<init>(ChromeDriver.java:163)
  org.openqa.selenium.chrome.ChromeDriver.<init>(ChromeDriver.java:120)
  com.vbrick.avenger.setup.TestBase.initializeDriver(TestBase.java:420)
  com.vbrick.avenger.setup.TestBase.initializeDriver(TestBase.java:72)
  com.vbrick.apiusercreation.MediaAdmin_UserCreation_API_1_40.setUP(MediaAdmin_UserCreation_API_1_40.java:110)
  java.base/jdk.internal.reflect.DirectMethodHandleAccessor.invoke(DirectMethodHandleAccessor.java:104)
  java.base/java.lang.reflect.Method.invoke(Method.java:577)
  org.testng.internal.MethodInvocationHelper.invokeMethod(MethodInvocationHelper.java:108)
  org.testng.internal.Invoker.invokeConfigurationMethod(Invoker.java:523)
  org.testng.internal.Invoker.invokeConfigurations(Invoker.java:224)
  org.testng.internal.Invoker.invokeMethod(Invoker.java:599)
  org.testng.internal.Invoker.invokeTestMethod(Invoker.java:869)
  org.testng.internal.Invoker.invokeTestMethods(Invoker.java:1193)
  org.testng.internal.TestMethodWorker.invokeTestMethods(TestMethodWorker.java:126)
  org.testng.internal.TestMethodWorker.run(TestMethodWorker.java:109)
  java.base/java.util.concurrent.ThreadPoolExecutor.runWorker(ThreadPoolExecutor.java:1136)
  java.base/java.util.concurrent.ThreadPoolExecutor$Worker.run(ThreadPoolExecutor.java:635)
  java.base/java.lang.Thread.run(Thread.java:833)
Caused by: org.openqa.selenium.net.UrlChecker$TimeoutException: Timed out waiting for [http://localhost:33047/status] to be available after 20000 ms
  org.openqa.selenium.net.UrlChecker.waitUntilAvailable(UrlChecker.java:100)
  org.openqa.selenium.remote.service.DriverService.waitUntilAvailable(DriverService.java:187)
  org.openqa.selenium.remote.service.DriverService.start(DriverService.java:178)
  org.openqa.selenium.remote.service.DriverCommandExecutor.execute(DriverCommandExecutor.java:79)
  org.openqa.selenium.remote.RemoteWebDriver.execute(RemoteWebDriver.java:586)
  org.openqa.selenium.remote.RemoteWebDriver.startSession(RemoteWebDriver.java:217)
  org.openqa.selenium.remote.RemoteWebDriver.<init>(RemoteWebDriver.java:140)
  org.openqa.selenium.chrome.ChromeDriver.<init>(ChromeDriver.java:174)
  org.openqa.selenium.chrome.ChromeDriver.<init>(ChromeDriver.java:163)
  org.openqa.selenium.chrome.ChromeDriver.<init>(ChromeDriver.java:120)
  com.vbrick.avenger.setup.TestBase.initializeDriver(TestBase.java:420)
  com.vbrick.avenger.setup.TestBase.initializeDriver(TestBase.java:72)
  com.vbrick.apiusercreation.MediaAdmin_UserCreation_API_1_40.setUP(MediaAdmin_UserCreation_API_1_40.java:110)
  java.base/jdk.internal.reflect.DirectMethodHandleAccessor.invoke(DirectMethodHandleAccessor.java:104)
  java.base/java.lang.reflect.Method.invoke(Method.java:577)
  org.testng.internal.MethodInvocationHelper.invokeMethod(MethodInvocationHelper.java:108)
  org.testng.internal.Invoker.invokeConfigurationMethod(Invoker.java:523)
  org.testng.internal.Invoker.invokeConfigurations(Invoker.java:224)
  org.testng.internal.Invoker.invokeMethod(Invoker.java:599)
  org.testng.internal.Invoker.invokeTestMethod(Invoker.java:869)
  org.testng.internal.Invoker.invokeTestMethods(Invoker.java:1193)
  org.testng.internal.TestMethodWorker.invokeTestMethods(TestMethodWorker.java:126)
  org.testng.internal.TestMethodWorker.run(TestMethodWorker.java:109)
  java.base/java.util.concurrent.ThreadPoolExecutor.runWorker(ThreadPoolExecutor.java:1136)
  java.base/java.util.concurrent.ThreadPoolExecutor$Worker.run(ThreadPoolExecutor.java:635)
  java.base/java.lang.Thread.run(Thread.java:833)
Caused by: java.util.concurrent.TimeoutException
  java.base/java.util.concurrent.FutureTask.get(FutureTask.java:204)
  com.google.common.util.concurrent.SimpleTimeLimiter.callWithTimeout(SimpleTimeLimiter.java:180)
  org.openqa.selenium.net.UrlChecker.waitUntilAvailable(UrlChecker.java:75)
  org.openqa.selenium.remote.service.DriverService.waitUntilAvailable(DriverService.java:187)
  org.openqa.selenium.remote.service.DriverService.start(DriverService.java:178)
  org.openqa.selenium.remote.service.DriverCommandExecutor.execute(DriverCommandExecutor.java:79)
  org.openqa.selenium.remote.RemoteWebDriver.execute(RemoteWebDriver.java:586)
  org.openqa.selenium.remote.RemoteWebDriver.startSession(RemoteWebDriver.java:217)
  org.openqa.selenium.remote.RemoteWebDriver.<init>(RemoteWebDriver.java:140)
  org.openqa.selenium.chrome.ChromeDriver.<init>(ChromeDriver.java:174)
  org.openqa.selenium.chrome.ChromeDriver.<init>(ChromeDriver.java:163)
  org.openqa.selenium.chrome.ChromeDriver.<init>(ChromeDriver.java:120)
  com.vbrick.avenger.setup.TestBase.initializeDriver(TestBase.java:420)
  com.vbrick.avenger.setup.TestBase.initializeDriver(TestBase.java:72)
  com.vbrick.apiusercreation.MediaAdmin_UserCreation_API_1_40.setUP(MediaAdmin_UserCreation_API_1_40.java:110)
  java.base/jdk.internal.reflect.DirectMethodHandleAccessor.invoke(DirectMethodHandleAccessor.java:104)
  java.base/java.lang.reflect.Method.invoke(Method.java:577)
  org.testng.internal.MethodInvocationHelper.invokeMethod(MethodInvocationHelper.java:108)
  org.testng.internal.Invoker.invokeConfigurationMethod(Invoker.java:523)
  org.testng.internal.Invoker.invokeConfigurations(Invoker.java:224)
  org.testng.internal.Invoker.invokeMethod(Invoker.java:599)
  org.testng.internal.Invoker.invokeTestMethod(Invoker.java:869)
  org.testng.internal.Invoker.invokeTestMethods(Invoker.java:1193)
  org.testng.internal.TestMethodWorker.invokeTestMethods(TestMethodWorker.java:126)
  org.testng.internal.TestMethodWorker.run(TestMethodWorker.java:109)
  java.base/java.util.concurrent.ThreadPoolExecutor.runWorker(ThreadPoolExecutor.java:1136)
  java.base/java.util.concurrent.ThreadPoolExecutor$Worker.run(ThreadPoolExecutor.java:635)
  java.base/java.lang.Thread.run(Thread.java:833)
]]>
      </failure>

          </testcase>
  
            <testcase name="AT_verify_userCreation_1to40" time="0.0" classname="com.vbrick.apiusercreation.MediaAdmin_UserCreation_API_1_40">
          <skipped />
    </testcase>
            <testcase name="AT_verify_userCreation_1to40" time="0.0" classname="com.vbrick.apiusercreation.MediaAdmin_UserCreation_API_1_40">
          <skipped />
    </testcase>
            <testcase name="AT_verify_userCreation_1to40" time="0.0" classname="com.vbrick.apiusercreation.MediaAdmin_UserCreation_API_1_40">
          <skipped />
    </testcase>
            <testcase name="AT_verify_userCreation_1to40" time="0.0" classname="com.vbrick.apiusercreation.MediaAdmin_UserCreation_API_1_40">
          <skipped />
    </testcase>
            <testcase name="AT_verify_userCreation_1to40" time="0.0" classname="com.vbrick.apiusercreation.MediaAdmin_UserCreation_API_1_40">
          <skipped />
    </testcase>
            <testcase name="AT_verify_userCreation_1to40" time="0.0" classname="com.vbrick.apiusercreation.MediaAdmin_UserCreation_API_1_40">
          <skipped />
    </testcase>
            <testcase name="AT_verify_userCreation_1to40" time="0.0" classname="com.vbrick.apiusercreation.MediaAdmin_UserCreation_API_1_40">
          <skipped />
    </testcase>
            <testcase name="AT_verify_userCreation_1to40" time="0.0" classname="com.vbrick.apiusercreation.MediaAdmin_UserCreation_API_1_40">
          <skipped />
    </testcase>
            <testcase name="AT_verify_userCreation_1to40" time="0.0" classname="com.vbrick.apiusercreation.MediaAdmin_UserCreation_API_1_40">
          <skipped />
    </testcase>
            <testcase name="AT_verify_userCreation_1to40" time="0.0" classname="com.vbrick.apiusercreation.MediaAdmin_UserCreation_API_1_40">
          <skipped />
    </testcase>
            <testcase name="AT_verify_userCreation_1to40" time="0.0" classname="com.vbrick.apiusercreation.MediaAdmin_UserCreation_API_1_40">
          <skipped />
    </testcase>
            <testcase name="AT_verify_userCreation_1to40" time="0.0" classname="com.vbrick.apiusercreation.MediaAdmin_UserCreation_API_1_40">
          <skipped />
    </testcase>
            <testcase name="AT_verify_userCreation_1to40" time="0.0" classname="com.vbrick.apiusercreation.MediaAdmin_UserCreation_API_1_40">
          <skipped />
    </testcase>
            <testcase name="AT_verify_userCreation_1to40" time="0.0" classname="com.vbrick.apiusercreation.MediaAdmin_UserCreation_API_1_40">
          <skipped />
    </testcase>
            <testcase name="AT_verify_userCreation_1to40" time="0.0" classname="com.vbrick.apiusercreation.MediaAdmin_UserCreation_API_1_40">
          <skipped />
    </testcase>
            <testcase name="AT_verify_userCreation_1to40" time="0.0" classname="com.vbrick.apiusercreation.MediaAdmin_UserCreation_API_1_40">
          <skipped />
    </testcase>
            <testcase name="AT_verify_userCreation_1to40" time="0.0" classname="com.vbrick.apiusercreation.MediaAdmin_UserCreation_API_1_40">
          <skipped />
    </testcase>
            <testcase name="AT_verify_userCreation_1to40" time="0.0" classname="com.vbrick.apiusercreation.MediaAdmin_UserCreation_API_1_40">
          <skipped />
    </testcase>
            <testcase name="AT_verify_userCreation_1to40" time="0.0" classname="com.vbrick.apiusercreation.MediaAdmin_UserCreation_API_1_40">
          <skipped />
    </testcase>
            <testcase name="AT_verify_userCreation_1to40" time="0.0" classname="com.vbrick.apiusercreation.MediaAdmin_UserCreation_API_1_40">
          <skipped />
    </testcase>
            <testcase name="AT_verify_userCreation_1to40" time="0.0" classname="com.vbrick.apiusercreation.MediaAdmin_UserCreation_API_1_40">
          <skipped />
    </testcase>
            <testcase name="AT_verify_userCreation_1to40" time="0.0" classname="com.vbrick.apiusercreation.MediaAdmin_UserCreation_API_1_40">
          <skipped />
    </testcase>
            <testcase name="AT_verify_userCreation_1to40" time="0.0" classname="com.vbrick.apiusercreation.MediaAdmin_UserCreation_API_1_40">
          <skipped />
    </testcase>
            <testcase name="AT_verify_userCreation_1to40" time="0.0" classname="com.vbrick.apiusercreation.MediaAdmin_UserCreation_API_1_40">
          <skipped />
    </testcase>
            <testcase name="AT_verify_userCreation_1to40" time="0.0" classname="com.vbrick.apiusercreation.MediaAdmin_UserCreation_API_1_40">
          <skipped />
    </testcase>
            <testcase name="AT_verify_userCreation_1to40" time="0.0" classname="com.vbrick.apiusercreation.MediaAdmin_UserCreation_API_1_40">
          <skipped />
    </testcase>
            <testcase name="AT_verify_userCreation_1to40" time="0.0" classname="com.vbrick.apiusercreation.MediaAdmin_UserCreation_API_1_40">
          <skipped />
    </testcase>
            <testcase name="AT_verify_userCreation_1to40" time="0.0" classname="com.vbrick.apiusercreation.MediaAdmin_UserCreation_API_1_40">
          <skipped />
    </testcase>
            <testcase name="AT_verify_userCreation_1to40" time="0.0" classname="com.vbrick.apiusercreation.MediaAdmin_UserCreation_API_1_40">
          <skipped />
    </testcase>
            <testcase name="AT_verify_userCreation_1to40" time="0.0" classname="com.vbrick.apiusercreation.MediaAdmin_UserCreation_API_1_40">
          <skipped />
    </testcase>
            <testcase name="AT_verify_userCreation_1to40" time="0.0" classname="com.vbrick.apiusercreation.MediaAdmin_UserCreation_API_1_40">
          <skipped />
    </testcase>
            <testcase name="AT_verify_userCreation_1to40" time="0.0" classname="com.vbrick.apiusercreation.MediaAdmin_UserCreation_API_1_40">
          <skipped />
    </testcase>
            <testcase name="AT_verify_userCreation_1to40" time="0.0" classname="com.vbrick.apiusercreation.MediaAdmin_UserCreation_API_1_40">
          <skipped />
    </testcase>
            <testcase name="AT_verify_userCreation_1to40" time="0.0" classname="com.vbrick.apiusercreation.MediaAdmin_UserCreation_API_1_40">
          <skipped />
    </testcase>
            <testcase name="AT_verify_userCreation_1to40" time="0.0" classname="com.vbrick.apiusercreation.MediaAdmin_UserCreation_API_1_40">
          <skipped />
    </testcase>
            <testcase name="AT_verify_userCreation_1to40" time="0.0" classname="com.vbrick.apiusercreation.MediaAdmin_UserCreation_API_1_40">
          <skipped />
    </testcase>
            <testcase name="AT_verify_userCreation_1to40" time="0.0" classname="com.vbrick.apiusercreation.MediaAdmin_UserCreation_API_1_40">
          <skipped />
    </testcase>
            <testcase name="AT_verify_userCreation_1to40" time="0.0" classname="com.vbrick.apiusercreation.MediaAdmin_UserCreation_API_1_40">
          <skipped />
    </testcase>
            <testcase name="AT_verify_userCreation_1to40" time="0.0" classname="com.vbrick.apiusercreation.MediaAdmin_UserCreation_API_1_40">
          <skipped />
    </testcase>
            <testcase name="AT_verify_userCreation_1to40" time="0.0" classname="com.vbrick.apiusercreation.MediaAdmin_UserCreation_API_1_40">
          <skipped />
    </testcase>
            <testcase name="AT_verify_userCreation_1to40" time="0.0" classname="com.vbrick.apiusercreation.MediaAdmin_UserCreation_API_1_40">
          <skipped />
    </testcase>
  
            <testcase name="AT_verify_userCreation_1to40" time="38.696" classname="com.vbrick.apiusercreation.MediaAdmin_UserCreation_API_1_40" />
                <testcase name="AT_verify_userCreation_1to40" time="38.227" classname="com.vbrick.apiusercreation.MediaAdmin_UserCreation_API_1_40" />
                <testcase name="AT_verify_userCreation_1to40" time="43.090" classname="com.vbrick.apiusercreation.MediaAdmin_UserCreation_API_1_40" />
                <testcase name="AT_verify_userCreation_1to40" time="39.449" classname="com.vbrick.apiusercreation.MediaAdmin_UserCreation_API_1_40" />
                <testcase name="AT_verify_userCreation_1to40" time="40.680" classname="com.vbrick.apiusercreation.MediaAdmin_UserCreation_API_1_40" />
                <testcase name="AT_verify_userCreation_1to40" time="54.424" classname="com.vbrick.apiusercreation.MediaAdmin_UserCreation_API_1_40" />
                <testcase name="AT_verify_userCreation_1to40" time="40.883" classname="com.vbrick.apiusercreation.MediaAdmin_UserCreation_API_1_40" />
                <testcase name="AT_verify_userCreation_1to40" time="42.514" classname="com.vbrick.apiusercreation.MediaAdmin_UserCreation_API_1_40" />
                <testcase name="AT_verify_userCreation_1to40" time="40.970" classname="com.vbrick.apiusercreation.MediaAdmin_UserCreation_API_1_40" />
                <testcase name="AT_verify_userCreation_1to40" time="46.853" classname="com.vbrick.apiusercreation.MediaAdmin_UserCreation_API_1_40" />
                <testcase name="AT_verify_userCreation_1to40" time="41.349" classname="com.vbrick.apiusercreation.MediaAdmin_UserCreation_API_1_40" />
                <testcase name="AT_verify_userCreation_1to40" time="42.489" classname="com.vbrick.apiusercreation.MediaAdmin_UserCreation_API_1_40" />
                <testcase name="AT_verify_userCreation_1to40" time="40.913" classname="com.vbrick.apiusercreation.MediaAdmin_UserCreation_API_1_40" />
                <testcase name="AT_verify_userCreation_1to40" time="42.166" classname="com.vbrick.apiusercreation.MediaAdmin_UserCreation_API_1_40" />
                <testcase name="AT_verify_userCreation_1to40" time="38.287" classname="com.vbrick.apiusercreation.MediaAdmin_UserCreation_API_1_40" />
                <testcase name="AT_verify_userCreation_1to40" time="82.616" classname="com.vbrick.apiusercreation.MediaAdmin_UserCreation_API_1_40" />
                <testcase name="AT_verify_userCreation_1to40" time="37.995" classname="com.vbrick.apiusercreation.MediaAdmin_UserCreation_API_1_40" />
                <testcase name="AT_verify_userCreation_1to40" time="38.793" classname="com.vbrick.apiusercreation.MediaAdmin_UserCreation_API_1_40" />
                <testcase name="AT_verify_userCreation_1to40" time="39.272" classname="com.vbrick.apiusercreation.MediaAdmin_UserCreation_API_1_40" />
      
</testsuite>
