<?xml version="1.0" encoding="UTF-8"?>
<!-- Generated by org.testng.reporters.JUnitXMLReporter -->
<testsuite ignored="0" hostname="IN-GudafwRS" failures="0" tests="3" name="Default test" time="0.085" errors="0" timestamp="08 May 2023 09:46:41 GMT">
  <testcase classname="com.vbrick.avenger.uploadvideoapi_AV_6015_testcases.BulkUploadVideos_AV_6016" name="@BeforeClass beforeClass" time="0.034">
    <failure type="java.lang.NullPointerException" message="Cannot invoke &amp;quot;java.util.Map.get(Object)&amp;quot; because &amp;quot;this.userdata&amp;quot; is null">
      <![CDATA[java.lang.NullPointerException: Cannot invoke "java.util.Map.get(Object)" because "this.userdata" is null
	at com.vbrick.avenger.uploadvideoapi_AV_6015_testcases.BulkUploadVideos_AV_6016.beforeClass(BulkUploadVideos_AV_6016.java:86)
	at java.base/jdk.internal.reflect.DirectMethodHandleAccessor.invoke(DirectMethodHandleAccessor.java:104)
	at java.base/java.lang.reflect.Method.invoke(Method.java:577)
	at org.testng.internal.MethodInvocationHelper.invokeMethod(MethodInvocationHelper.java:108)
	at org.testng.internal.Invoker.invokeConfigurationMethod(Invoker.java:523)
	at org.testng.internal.Invoker.invokeConfigurations(Invoker.java:224)
	at org.testng.internal.Invoker.invokeConfigurations(Invoker.java:146)
	at org.testng.internal.TestMethodWorker.invokeBeforeClassMethods(TestMethodWorker.java:166)
	at org.testng.internal.TestMethodWorker.run(TestMethodWorker.java:105)
	at org.testng.TestRunner.privateRun(TestRunner.java:744)
	at org.testng.TestRunner.run(TestRunner.java:602)
	at org.testng.SuiteRunner.runTest(SuiteRunner.java:380)
	at org.testng.SuiteRunner.runSequentially(SuiteRunner.java:375)
	at org.testng.SuiteRunner.privateRun(SuiteRunner.java:340)
	at org.testng.SuiteRunner.run(SuiteRunner.java:289)
	at org.testng.SuiteRunnerWorker.runSuite(SuiteRunnerWorker.java:52)
	at org.testng.SuiteRunnerWorker.run(SuiteRunnerWorker.java:86)
	at org.testng.TestNG.runSuitesSequentially(TestNG.java:1301)
	at org.testng.TestNG.runSuitesLocally(TestNG.java:1226)
	at org.testng.TestNG.runSuites(TestNG.java:1144)
	at org.testng.TestNG.run(TestNG.java:1115)
	at org.testng.remote.AbstractRemoteTestNG.run(AbstractRemoteTestNG.java:115)
	at org.testng.remote.RemoteTestNG.initAndRun(RemoteTestNG.java:251)
	at org.testng.remote.RemoteTestNG.main(RemoteTestNG.java:77)
]]>
    </failure>
  </testcase> <!-- @BeforeClass beforeClass -->
  <testcase classname="com.vbrick.avenger.uploadvideoapi_AV_6015_testcases.BulkUploadVideos_AV_6016" name="TC_01_UploadVideosAPI_AV6015_ValidData_With_VideoTitle" time="0.0">
    <skipped/>
  </testcase> <!-- TC_01_UploadVideosAPI_AV6015_ValidData_With_VideoTitle -->
  <testcase classname="com.vbrick.avenger.uploadvideoapi_AV_6015_testcases.BulkUploadVideos_AV_6016" name="TC_01_UploadVideosAPI_AV6015_ValidData_With_VideoTitle" time="0.0">
    <skipped/>
  </testcase> <!-- TC_01_UploadVideosAPI_AV6015_ValidData_With_VideoTitle -->
  <testcase classname="com.vbrick.avenger.uploadvideoapi_AV_6015_testcases.BulkUploadVideos_AV_6016" name="TC_01_UploadVideosAPI_AV6015_ValidData_With_VideoTitle" time="0.0">
    <skipped/>
  </testcase> <!-- TC_01_UploadVideosAPI_AV6015_ValidData_With_VideoTitle -->
</testsuite> <!-- Default test -->
